{"C:\\Users\\USUARIO\\OneDrive\\Desktop\\proyectos\\sistema-gestion-calidad-dm -v1\\src\\runtime\\context\\RuntimeContext.tsx": {"path":"C:\\Users\\USUARIO\\OneDrive\\Desktop\\proyectos\\sistema-gestion-calidad-dm -v1\\src\\runtime\\context\\RuntimeContext.tsx","statementMap":{"0":{"start":{"line":40,"column":39},"end":{"line":45,"column":null}},"1":{"start":{"line":47,"column":6},"end":{"line":50,"column":15}},"2":{"start":{"line":59,"column":17},"end":{"line":60,"column":null}},"3":{"start":{"line":60,"column":10},"end":{"line":60,"column":119}},"4":{"start":{"line":60,"column":69},"end":{"line":60,"column":117}},"5":{"start":{"line":62,"column":27},"end":{"line":62,"column":82}},"6":{"start":{"line":63,"column":19},"end":{"line":63,"column":73}},"7":{"start":{"line":64,"column":18},"end":{"line":67,"column":5}},"8":{"start":{"line":64,"column":64},"end":{"line":67,"column":5}},"9":{"start":{"line":69,"column":8},"end":{"line":69,"column":78}},"10":{"start":{"line":69,"column":37},"end":{"line":69,"column":73}},"11":{"start":{"line":71,"column":8},"end":{"line":104,"column":null}},"12":{"start":{"line":72,"column":4},"end":{"line":104,"column":null}},"13":{"start":{"line":74,"column":6},"end":{"line":74,"column":null}},"14":{"start":{"line":74,"column":35},"end":{"line":74,"column":null}},"15":{"start":{"line":76,"column":25},"end":{"line":76,"column":null}},"16":{"start":{"line":79,"column":50},"end":{"line":79,"column":91}},"17":{"start":{"line":79,"column":74},"end":{"line":79,"column":91}},"18":{"start":{"line":80,"column":6},"end":{"line":100,"column":null}},"19":{"start":{"line":81,"column":23},"end":{"line":86,"column":10}},"20":{"start":{"line":88,"column":8},"end":{"line":100,"column":null}},"21":{"start":{"line":89,"column":27},"end":{"line":89,"column":42}},"22":{"start":{"line":91,"column":10},"end":{"line":96,"column":null}},"23":{"start":{"line":94,"column":12},"end":{"line":94,"column":null}},"24":{"start":{"line":96,"column":12},"end":{"line":96,"column":null}},"25":{"start":{"line":99,"column":10},"end":{"line":99,"column":null}},"26":{"start":{"line":103,"column":6},"end":{"line":103,"column":null}},"27":{"start":{"line":107,"column":8},"end":{"line":108,"column":null}},"28":{"start":{"line":108,"column":4},"end":{"line":108,"column":null}},"29":{"start":{"line":111,"column":8},"end":{"line":117,"column":null}},"30":{"start":{"line":112,"column":4},"end":{"line":117,"column":null}},"31":{"start":{"line":113,"column":19},"end":{"line":113,"column":30}},"32":{"start":{"line":114,"column":6},"end":{"line":115,"column":null}},"33":{"start":{"line":114,"column":20},"end":{"line":114,"column":null}},"34":{"start":{"line":115,"column":11},"end":{"line":115,"column":null}},"35":{"start":{"line":116,"column":6},"end":{"line":116,"column":null}},"36":{"start":{"line":120,"column":8},"end":{"line":121,"column":null}},"37":{"start":{"line":121,"column":4},"end":{"line":121,"column":null}},"38":{"start":{"line":124,"column":8},"end":{"line":133,"column":null}},"39":{"start":{"line":125,"column":11},"end":{"line":132,"column":null}},"40":{"start":{"line":136,"column":8},"end":{"line":143,"column":null}},"41":{"start":{"line":137,"column":11},"end":{"line":142,"column":null}},"42":{"start":{"line":146,"column":2},"end":{"line":146,"column":null}},"43":{"start":{"line":150,"column":8},"end":{"line":150,"column":40}},"44":{"start":{"line":151,"column":2},"end":{"line":151,"column":null}},"45":{"start":{"line":151,"column":12},"end":{"line":151,"column":null}},"46":{"start":{"line":152,"column":2},"end":{"line":152,"column":null}},"47":{"start":{"line":156,"column":2},"end":{"line":170,"column":null}},"48":{"start":{"line":158,"column":6},"end":{"line":158,"column":null}},"49":{"start":{"line":160,"column":6},"end":{"line":160,"column":null}},"50":{"start":{"line":166,"column":6},"end":{"line":166,"column":null}},"51":{"start":{"line":168,"column":6},"end":{"line":168,"column":null}},"52":{"start":{"line":170,"column":6},"end":{"line":170,"column":null}}},"fnMap":{"0":{"name":"RuntimeProvider","decl":{"start":{"line":52,"column":16},"end":{"line":52,"column":32}},"loc":{"start":{"line":58,"column":50},"end":{"line":146,"column":null}},"line":58},"1":{"name":"(anonymous_1)","decl":{"start":{"line":59,"column":30},"end":{"line":59,"column":null}},"loc":{"start":{"line":60,"column":10},"end":{"line":60,"column":119}},"line":60},"2":{"name":"(anonymous_2)","decl":{"start":{"line":60,"column":58},"end":{"line":60,"column":63}},"loc":{"start":{"line":60,"column":69},"end":{"line":60,"column":117}},"line":60},"3":{"name":"(anonymous_3)","decl":{"start":{"line":64,"column":32},"end":{"line":64,"column":64}},"loc":{"start":{"line":64,"column":64},"end":{"line":67,"column":5}},"line":64},"4":{"name":"(anonymous_4)","decl":{"start":{"line":69,"column":23},"end":{"line":69,"column":37}},"loc":{"start":{"line":69,"column":37},"end":{"line":69,"column":73}},"line":69},"5":{"name":"(anonymous_5)","decl":{"start":{"line":71,"column":8},"end":{"line":71,"column":28}},"loc":{"start":{"line":71,"column":69},"end":{"line":104,"column":null}},"line":71},"6":{"name":"(anonymous_6)","decl":{"start":{"line":72,"column":4},"end":{"line":72,"column":15}},"loc":{"start":{"line":72,"column":24},"end":{"line":104,"column":null}},"line":72},"7":{"name":"(anonymous_7)","decl":{"start":{"line":79,"column":62},"end":{"line":79,"column":68}},"loc":{"start":{"line":79,"column":74},"end":{"line":79,"column":91}},"line":79},"8":{"name":"(anonymous_8)","decl":{"start":{"line":88,"column":8},"end":{"line":88,"column":29}},"loc":{"start":{"line":88,"column":42},"end":{"line":100,"column":null}},"line":88},"9":{"name":"(anonymous_9)","decl":{"start":{"line":107,"column":8},"end":{"line":107,"column":20}},"loc":{"start":{"line":107,"column":61},"end":{"line":108,"column":null}},"line":107},"10":{"name":"(anonymous_10)","decl":{"start":{"line":111,"column":8},"end":{"line":111,"column":30}},"loc":{"start":{"line":111,"column":68},"end":{"line":117,"column":null}},"line":111},"11":{"name":"(anonymous_11)","decl":{"start":{"line":112,"column":4},"end":{"line":112,"column":25}},"loc":{"start":{"line":112,"column":34},"end":{"line":117,"column":null}},"line":112},"12":{"name":"(anonymous_12)","decl":{"start":{"line":120,"column":8},"end":{"line":120,"column":23}},"loc":{"start":{"line":120,"column":49},"end":{"line":121,"column":null}},"line":120},"13":{"name":"(anonymous_13)","decl":{"start":{"line":124,"column":19},"end":{"line":124,"column":null}},"loc":{"start":{"line":125,"column":11},"end":{"line":132,"column":null}},"line":125},"14":{"name":"(anonymous_14)","decl":{"start":{"line":136,"column":18},"end":{"line":136,"column":null}},"loc":{"start":{"line":137,"column":11},"end":{"line":142,"column":null}},"line":137},"15":{"name":"useRuntime","decl":{"start":{"line":149,"column":16},"end":{"line":149,"column":29}},"loc":{"start":{"line":149,"column":29},"end":{"line":152,"column":null}},"line":149},"16":{"name":"getDefaultValueForFieldType","decl":{"start":{"line":155,"column":9},"end":{"line":155,"column":37}},"loc":{"start":{"line":155,"column":80},"end":{"line":170,"column":null}},"line":155}},"branchMap":{"0":{"loc":{"start":{"line":55,"column":2},"end":{"line":55,"column":null}},"type":"default-arg","locations":[{"start":{"line":55,"column":20},"end":{"line":55,"column":null}}],"line":55},"1":{"loc":{"start":{"line":60,"column":10},"end":{"line":60,"column":119}},"type":"binary-expr","locations":[{"start":{"line":60,"column":10},"end":{"line":60,"column":27}},{"start":{"line":60,"column":27},"end":{"line":60,"column":119}}],"line":60},"2":{"loc":{"start":{"line":66,"column":8},"end":{"line":66,"column":null}},"type":"binary-expr","locations":[{"start":{"line":66,"column":8},"end":{"line":66,"column":26}},{"start":{"line":66,"column":26},"end":{"line":66,"column":null}}],"line":66},"3":{"loc":{"start":{"line":74,"column":6},"end":{"line":74,"column":null}},"type":"if","locations":[{"start":{"line":74,"column":6},"end":{"line":74,"column":null}},{"start":{},"end":{}}],"line":74},"4":{"loc":{"start":{"line":80,"column":6},"end":{"line":100,"column":null}},"type":"if","locations":[{"start":{"line":80,"column":6},"end":{"line":100,"column":null}},{"start":{},"end":{}}],"line":80},"5":{"loc":{"start":{"line":91,"column":10},"end":{"line":96,"column":null}},"type":"if","locations":[{"start":{"line":91,"column":10},"end":{"line":96,"column":null}},{"start":{"line":95,"column":17},"end":{"line":96,"column":null}}],"line":91},"6":{"loc":{"start":{"line":91,"column":14},"end":{"line":91,"column":59}},"type":"binary-expr","locations":[{"start":{"line":91,"column":14},"end":{"line":91,"column":33}},{"start":{"line":91,"column":33},"end":{"line":91,"column":59}}],"line":91},"7":{"loc":{"start":{"line":114,"column":6},"end":{"line":115,"column":null}},"type":"if","locations":[{"start":{"line":114,"column":6},"end":{"line":115,"column":null}},{"start":{"line":115,"column":11},"end":{"line":115,"column":null}}],"line":114},"8":{"loc":{"start":{"line":151,"column":2},"end":{"line":151,"column":null}},"type":"if","locations":[{"start":{"line":151,"column":2},"end":{"line":151,"column":null}},{"start":{},"end":{}}],"line":151},"9":{"loc":{"start":{"line":156,"column":2},"end":{"line":170,"column":null}},"type":"switch","locations":[{"start":{"line":157,"column":4},"end":{"line":158,"column":null}},{"start":{"line":159,"column":4},"end":{"line":160,"column":null}},{"start":{"line":161,"column":4},"end":{"line":161,"column":null}},{"start":{"line":162,"column":4},"end":{"line":162,"column":null}},{"start":{"line":163,"column":4},"end":{"line":163,"column":null}},{"start":{"line":164,"column":4},"end":{"line":164,"column":null}},{"start":{"line":165,"column":4},"end":{"line":166,"column":null}},{"start":{"line":167,"column":4},"end":{"line":168,"column":null}},{"start":{"line":169,"column":4},"end":{"line":170,"column":null}}],"line":156}},"s":{"0":1,"1":1,"2":70,"3":38,"4":43,"5":70,"6":70,"7":70,"8":38,"9":70,"10":38,"11":70,"12":24,"13":24,"14":3,"15":21,"16":21,"17":24,"18":21,"19":20,"20":20,"21":20,"22":20,"23":6,"24":14,"25":20,"26":21,"27":70,"28":1,"29":70,"30":5,"31":5,"32":5,"33":1,"34":4,"35":5,"36":70,"37":3,"38":70,"39":62,"40":70,"41":70,"42":70,"43":65,"44":65,"45":2,"46":62,"47":43,"48":2,"49":3,"50":37,"51":1,"52":0},"f":{"0":70,"1":38,"2":43,"3":38,"4":38,"5":24,"6":24,"7":24,"8":20,"9":1,"10":5,"11":5,"12":3,"13":62,"14":70,"15":65,"16":43},"b":{"0":[70],"1":[38,35],"2":[38,37],"3":[3,21],"4":[20,1],"5":[6,14],"6":[20,6],"7":[1,4],"8":[2,63],"9":[2,3,1,37,37,37,37,1,0]},"meta":{"lastBranch":10,"lastFunction":17,"lastStatement":53,"seen":{"s:40:39:45:Infinity":0,"s:47:6:50:15":1,"f:52:16:52:32":0,"b:55:20:55:Infinity":0,"s:59:17:60:Infinity":2,"f:59:30:59:Infinity":1,"s:60:10:60:119":3,"b:60:10:60:27:60:27:60:119":1,"f:60:58:60:63":2,"s:60:69:60:117":4,"s:62:27:62:82":5,"s:63:19:63:73":6,"s:64:18:67:5":7,"f:64:32:64:64":3,"s:64:64:67:5":8,"b:66:8:66:26:66:26:66:Infinity":2,"s:69:8:69:78":9,"f:69:23:69:37":4,"s:69:37:69:73":10,"s:71:8:104:Infinity":11,"f:71:8:71:28":5,"s:72:4:104:Infinity":12,"f:72:4:72:15":6,"b:74:6:74:Infinity:undefined:undefined:undefined:undefined":3,"s:74:6:74:Infinity":13,"s:74:35:74:Infinity":14,"s:76:25:76:Infinity":15,"s:79:50:79:91":16,"f:79:62:79:68":7,"s:79:74:79:91":17,"b:80:6:100:Infinity:undefined:undefined:undefined:undefined":4,"s:80:6:100:Infinity":18,"s:81:23:86:10":19,"s:88:8:100:Infinity":20,"f:88:8:88:29":8,"s:89:27:89:42":21,"b:91:10:96:Infinity:95:17:96:Infinity":5,"s:91:10:96:Infinity":22,"b:91:14:91:33:91:33:91:59":6,"s:94:12:94:Infinity":23,"s:96:12:96:Infinity":24,"s:99:10:99:Infinity":25,"s:103:6:103:Infinity":26,"s:107:8:108:Infinity":27,"f:107:8:107:20":9,"s:108:4:108:Infinity":28,"s:111:8:117:Infinity":29,"f:111:8:111:30":10,"s:112:4:117:Infinity":30,"f:112:4:112:25":11,"s:113:19:113:30":31,"b:114:6:115:Infinity:115:11:115:Infinity":7,"s:114:6:115:Infinity":32,"s:114:20:114:Infinity":33,"s:115:11:115:Infinity":34,"s:116:6:116:Infinity":35,"s:120:8:121:Infinity":36,"f:120:8:120:23":12,"s:121:4:121:Infinity":37,"s:124:8:133:Infinity":38,"f:124:19:124:Infinity":13,"s:125:11:132:Infinity":39,"s:136:8:143:Infinity":40,"f:136:18:136:Infinity":14,"s:137:11:142:Infinity":41,"s:146:2:146:Infinity":42,"f:149:16:149:29":15,"s:150:8:150:40":43,"b:151:2:151:Infinity:undefined:undefined:undefined:undefined":8,"s:151:2:151:Infinity":44,"s:151:12:151:Infinity":45,"s:152:2:152:Infinity":46,"f:155:9:155:37":16,"b:157:4:158:Infinity:159:4:160:Infinity:161:4:161:Infinity:162:4:162:Infinity:163:4:163:Infinity:164:4:164:Infinity:165:4:166:Infinity:167:4:168:Infinity:169:4:170:Infinity":9,"s:156:2:170:Infinity":47,"s:158:6:158:Infinity":48,"s:160:6:160:Infinity":49,"s:166:6:166:Infinity":50,"s:168:6:168:Infinity":51,"s:170:6:170:Infinity":52},"fnNames":{}}}
,"C:\\Users\\USUARIO\\OneDrive\\Desktop\\proyectos\\sistema-gestion-calidad-dm -v1\\src\\runtime\\form\\engine\\FormRendererEngine.tsx": {"path":"C:\\Users\\USUARIO\\OneDrive\\Desktop\\proyectos\\sistema-gestion-calidad-dm -v1\\src\\runtime\\form\\engine\\FormRendererEngine.tsx","statementMap":{"0":{"start":{"line":33,"column":13},"end":{"line":51,"column":null}},"1":{"start":{"line":42,"column":2},"end":{"line":51,"column":null}}},"fnMap":{"0":{"name":"(anonymous_0)","decl":{"start":{"line":33,"column":13},"end":{"line":33,"column":70}},"loc":{"start":{"line":41,"column":6},"end":{"line":51,"column":null}},"line":41}},"branchMap":{},"s":{"0":1,"1":29},"f":{"0":29},"b":{},"meta":{"lastBranch":0,"lastFunction":1,"lastStatement":2,"seen":{"s:33:13:51:Infinity":0,"f:33:13:33:70":0,"s:42:2:51:Infinity":1},"fnNames":{}}}
,"C:\\Users\\USUARIO\\OneDrive\\Desktop\\proyectos\\sistema-gestion-calidad-dm -v1\\src\\runtime\\layout\\engine\\LayoutEngine.tsx": {"path":"C:\\Users\\USUARIO\\OneDrive\\Desktop\\proyectos\\sistema-gestion-calidad-dm -v1\\src\\runtime\\layout\\engine\\LayoutEngine.tsx","statementMap":{"0":{"start":{"line":38,"column":13},"end":{"line":94,"column":null}},"1":{"start":{"line":39,"column":2},"end":{"line":94,"column":null}},"2":{"start":{"line":42,"column":8},"end":{"line":92,"column":null}},"3":{"start":{"line":47,"column":12},"end":{"line":90,"column":null}},"4":{"start":{"line":50,"column":34},"end":{"line":50,"column":null}},"5":{"start":{"line":58,"column":36},"end":{"line":60,"column":null}},"6":{"start":{"line":62,"column":18},"end":{"line":63,"column":null}},"7":{"start":{"line":63,"column":20},"end":{"line":63,"column":null}},"8":{"start":{"line":66,"column":18},"end":{"line":70,"column":null}},"9":{"start":{"line":67,"column":20},"end":{"line":70,"column":null}},"10":{"start":{"line":74,"column":32},"end":{"line":74,"column":null}},"11":{"start":{"line":75,"column":32},"end":{"line":75,"column":null}},"12":{"start":{"line":77,"column":18},"end":{"line":86,"column":null}},"13":{"start":{"line":84,"column":53},"end":{"line":84,"column":null}}},"fnMap":{"0":{"name":"(anonymous_0)","decl":{"start":{"line":38,"column":13},"end":{"line":38,"column":58}},"loc":{"start":{"line":38,"column":141},"end":{"line":94,"column":null}},"line":38},"1":{"name":"(anonymous_1)","decl":{"start":{"line":41,"column":23},"end":{"line":41,"column":28}},"loc":{"start":{"line":42,"column":8},"end":{"line":92,"column":null}},"line":42},"2":{"name":"(anonymous_2)","decl":{"start":{"line":46,"column":27},"end":{"line":46,"column":32}},"loc":{"start":{"line":47,"column":12},"end":{"line":90,"column":null}},"line":47},"3":{"name":"(anonymous_3)","decl":{"start":{"line":49,"column":31},"end":{"line":49,"column":36}},"loc":{"start":{"line":49,"column":49},"end":{"line":86,"column":null}},"line":49},"4":{"name":"(anonymous_4)","decl":{"start":{"line":84,"column":24},"end":{"line":84,"column":35}},"loc":{"start":{"line":84,"column":53},"end":{"line":84,"column":null}},"line":84}},"branchMap":{"0":{"loc":{"start":{"line":43,"column":11},"end":{"line":43,"column":null}},"type":"cond-expr","locations":[{"start":{"line":43,"column":27},"end":{"line":43,"column":null}},{"start":{"line":43,"column":54},"end":{"line":43,"column":null}}],"line":43},"1":{"loc":{"start":{"line":44,"column":11},"end":{"line":44,"column":null}},"type":"cond-expr","locations":[{"start":{"line":44,"column":33},"end":{"line":44,"column":null}},{"start":{"line":44,"column":64},"end":{"line":44,"column":null}}],"line":44},"2":{"loc":{"start":{"line":62,"column":18},"end":{"line":63,"column":null}},"type":"if","locations":[{"start":{"line":62,"column":18},"end":{"line":63,"column":null}},{"start":{},"end":{}}],"line":62},"3":{"loc":{"start":{"line":66,"column":18},"end":{"line":70,"column":null}},"type":"if","locations":[{"start":{"line":66,"column":18},"end":{"line":70,"column":null}},{"start":{},"end":{}}],"line":66},"4":{"loc":{"start":{"line":82,"column":34},"end":{"line":82,"column":null}},"type":"binary-expr","locations":[{"start":{"line":82,"column":34},"end":{"line":82,"column":51}},{"start":{"line":82,"column":56},"end":{"line":82,"column":84}},{"start":{"line":82,"column":88},"end":{"line":82,"column":null}}],"line":82}},"s":{"0":2,"1":60,"2":63,"3":57,"4":101,"5":101,"6":101,"7":3,"8":98,"9":6,"10":92,"11":92,"12":101,"13":4},"f":{"0":60,"1":63,"2":57,"3":101,"4":4},"b":{"0":[62,1],"1":[41,22],"2":[3,98],"3":[6,92],"4":[101,88,83]},"meta":{"lastBranch":5,"lastFunction":5,"lastStatement":14,"seen":{"s:38:13:94:Infinity":0,"f:38:13:38:58":0,"s:39:2:94:Infinity":1,"f:41:23:41:28":1,"s:42:8:92:Infinity":2,"b:43:27:43:Infinity:43:54:43:Infinity":0,"b:44:33:44:Infinity:44:64:44:Infinity":1,"f:46:27:46:32":2,"s:47:12:90:Infinity":3,"f:49:31:49:36":3,"s:50:34:50:Infinity":4,"s:58:36:60:Infinity":5,"b:62:18:63:Infinity:undefined:undefined:undefined:undefined":2,"s:62:18:63:Infinity":6,"s:63:20:63:Infinity":7,"b:66:18:70:Infinity:undefined:undefined:undefined:undefined":3,"s:66:18:70:Infinity":8,"s:67:20:70:Infinity":9,"s:74:32:74:Infinity":10,"s:75:32:75:Infinity":11,"s:77:18:86:Infinity":12,"b:82:34:82:51:82:56:82:84:82:88:82:Infinity":4,"f:84:24:84:35":4,"s:84:53:84:Infinity":13},"fnNames":{}}}
,"C:\\Users\\USUARIO\\OneDrive\\Desktop\\proyectos\\sistema-gestion-calidad-dm -v1\\src\\runtime\\renderer\\fields\\FieldCalculated.tsx": {"path":"C:\\Users\\USUARIO\\OneDrive\\Desktop\\proyectos\\sistema-gestion-calidad-dm -v1\\src\\runtime\\renderer\\fields\\FieldCalculated.tsx","statementMap":{"0":{"start":{"line":9,"column":6},"end":{"line":38,"column":null}},"1":{"start":{"line":10,"column":18},"end":{"line":10,"column":null}},"2":{"start":{"line":11,"column":23},"end":{"line":11,"column":76}},"3":{"start":{"line":13,"column":2},"end":{"line":38,"column":null}}},"fnMap":{"0":{"name":"(anonymous_0)","decl":{"start":{"line":9,"column":6},"end":{"line":9,"column":53}},"loc":{"start":{"line":9,"column":94},"end":{"line":38,"column":null}},"line":9}},"branchMap":{"0":{"loc":{"start":{"line":11,"column":23},"end":{"line":11,"column":76}},"type":"cond-expr","locations":[{"start":{"line":11,"column":39},"end":{"line":11,"column":63}},{"start":{"line":11,"column":63},"end":{"line":11,"column":76}}],"line":11},"1":{"loc":{"start":{"line":17,"column":9},"end":{"line":19,"column":null}},"type":"binary-expr","locations":[{"start":{"line":17,"column":9},"end":{"line":17,"column":null}},{"start":{"line":18,"column":10},"end":{"line":19,"column":null}}],"line":17},"2":{"loc":{"start":{"line":26,"column":48},"end":{"line":26,"column":null}},"type":"cond-expr","locations":[{"start":{"line":26,"column":56},"end":{"line":26,"column":81}},{"start":{"line":26,"column":81},"end":{"line":26,"column":null}}],"line":26},"3":{"loc":{"start":{"line":28,"column":26},"end":{"line":28,"column":null}},"type":"cond-expr","locations":[{"start":{"line":28,"column":34},"end":{"line":28,"column":44}},{"start":{"line":28,"column":44},"end":{"line":28,"column":null}}],"line":28},"4":{"loc":{"start":{"line":34,"column":7},"end":{"line":38,"column":null}},"type":"cond-expr","locations":[{"start":{"line":35,"column":8},"end":{"line":38,"column":null}},{"start":{"line":38,"column":10},"end":{"line":38,"column":null}}],"line":34}},"s":{"0":4,"1":1,"2":1,"3":1},"f":{"0":1},"b":{"0":[0,1],"1":[1,0],"2":[0,1],"3":[0,1],"4":[0,1]},"meta":{"lastBranch":5,"lastFunction":1,"lastStatement":4,"seen":{"s:9:6:38:Infinity":0,"f:9:6:9:53":0,"s:10:18:10:Infinity":1,"s:11:23:11:76":2,"b:11:39:11:63:11:63:11:76":0,"s:13:2:38:Infinity":3,"b:17:9:17:Infinity:18:10:19:Infinity":1,"b:26:56:26:81:26:81:26:Infinity":2,"b:28:34:28:44:28:44:28:Infinity":3,"b:35:8:38:Infinity:38:10:38:Infinity":4},"fnNames":{}}}
,"C:\\Users\\USUARIO\\OneDrive\\Desktop\\proyectos\\sistema-gestion-calidad-dm -v1\\src\\runtime\\renderer\\fields\\FieldCheckbox.tsx": {"path":"C:\\Users\\USUARIO\\OneDrive\\Desktop\\proyectos\\sistema-gestion-calidad-dm -v1\\src\\runtime\\renderer\\fields\\FieldCheckbox.tsx","statementMap":{"0":{"start":{"line":9,"column":6},"end":{"line":33,"column":null}},"1":{"start":{"line":10,"column":18},"end":{"line":10,"column":null}},"2":{"start":{"line":12,"column":2},"end":{"line":33,"column":null}},"3":{"start":{"line":24,"column":25},"end":{"line":24,"column":64}}},"fnMap":{"0":{"name":"(anonymous_0)","decl":{"start":{"line":9,"column":6},"end":{"line":9,"column":51}},"loc":{"start":{"line":9,"column":102},"end":{"line":33,"column":null}},"line":9},"1":{"name":"(anonymous_1)","decl":{"start":{"line":24,"column":8},"end":{"line":24,"column":19}},"loc":{"start":{"line":24,"column":25},"end":{"line":24,"column":64}},"line":24}},"branchMap":{"0":{"loc":{"start":{"line":16,"column":9},"end":{"line":16,"column":null}},"type":"binary-expr","locations":[{"start":{"line":16,"column":9},"end":{"line":16,"column":30}},{"start":{"line":16,"column":30},"end":{"line":16,"column":null}}],"line":16},"1":{"loc":{"start":{"line":25,"column":38},"end":{"line":25,"column":null}},"type":"cond-expr","locations":[{"start":{"line":25,"column":46},"end":{"line":25,"column":71}},{"start":{"line":25,"column":71},"end":{"line":25,"column":null}}],"line":25},"2":{"loc":{"start":{"line":27,"column":26},"end":{"line":27,"column":null}},"type":"cond-expr","locations":[{"start":{"line":27,"column":34},"end":{"line":27,"column":59}},{"start":{"line":27,"column":59},"end":{"line":27,"column":null}}],"line":27},"3":{"loc":{"start":{"line":30,"column":7},"end":{"line":33,"column":null}},"type":"binary-expr","locations":[{"start":{"line":30,"column":7},"end":{"line":30,"column":null}},{"start":{"line":31,"column":8},"end":{"line":33,"column":null}}],"line":30}},"s":{"0":4,"1":2,"2":2,"3":0},"f":{"0":2,"1":0},"b":{"0":[2,0],"1":[0,2],"2":[0,2],"3":[2,0]},"meta":{"lastBranch":4,"lastFunction":2,"lastStatement":4,"seen":{"s:9:6:33:Infinity":0,"f:9:6:9:51":0,"s:10:18:10:Infinity":1,"s:12:2:33:Infinity":2,"b:16:9:16:30:16:30:16:Infinity":0,"f:24:8:24:19":1,"s:24:25:24:64":3,"b:25:46:25:71:25:71:25:Infinity":1,"b:27:34:27:59:27:59:27:Infinity":2,"b:30:7:30:Infinity:31:8:33:Infinity":3},"fnNames":{}}}
,"C:\\Users\\USUARIO\\OneDrive\\Desktop\\proyectos\\sistema-gestion-calidad-dm -v1\\src\\runtime\\renderer\\fields\\FieldFileUpload.tsx": {"path":"C:\\Users\\USUARIO\\OneDrive\\Desktop\\proyectos\\sistema-gestion-calidad-dm -v1\\src\\runtime\\renderer\\fields\\FieldFileUpload.tsx","statementMap":{"0":{"start":{"line":9,"column":6},"end":{"line":50,"column":null}},"1":{"start":{"line":10,"column":18},"end":{"line":10,"column":null}},"2":{"start":{"line":12,"column":18},"end":{"line":12,"column":null}},"3":{"start":{"line":13,"column":19},"end":{"line":13,"column":54}},"4":{"start":{"line":15,"column":8},"end":{"line":23,"column":null}},"5":{"start":{"line":16,"column":18},"end":{"line":16,"column":null}},"6":{"start":{"line":17,"column":4},"end":{"line":19,"column":null}},"7":{"start":{"line":18,"column":6},"end":{"line":18,"column":null}},"8":{"start":{"line":19,"column":6},"end":{"line":19,"column":null}},"9":{"start":{"line":22,"column":34},"end":{"line":22,"column":51}},"10":{"start":{"line":23,"column":4},"end":{"line":23,"column":null}},"11":{"start":{"line":26,"column":2},"end":{"line":50,"column":null}}},"fnMap":{"0":{"name":"(anonymous_0)","decl":{"start":{"line":9,"column":6},"end":{"line":9,"column":53}},"loc":{"start":{"line":9,"column":104},"end":{"line":50,"column":null}},"line":9},"1":{"name":"(anonymous_1)","decl":{"start":{"line":15,"column":8},"end":{"line":15,"column":24}},"loc":{"start":{"line":15,"column":67},"end":{"line":23,"column":null}},"line":15}},"branchMap":{"0":{"loc":{"start":{"line":12,"column":18},"end":{"line":12,"column":null}},"type":"binary-expr","locations":[{"start":{"line":12,"column":18},"end":{"line":12,"column":69}},{"start":{"line":12,"column":69},"end":{"line":12,"column":null}}],"line":12},"1":{"loc":{"start":{"line":17,"column":4},"end":{"line":19,"column":null}},"type":"if","locations":[{"start":{"line":17,"column":4},"end":{"line":19,"column":null}},{"start":{},"end":{}}],"line":17},"2":{"loc":{"start":{"line":17,"column":8},"end":{"line":17,"column":38}},"type":"binary-expr","locations":[{"start":{"line":17,"column":8},"end":{"line":17,"column":18}},{"start":{"line":17,"column":18},"end":{"line":17,"column":38}}],"line":17},"3":{"loc":{"start":{"line":30,"column":9},"end":{"line":30,"column":null}},"type":"binary-expr","locations":[{"start":{"line":30,"column":9},"end":{"line":30,"column":30}},{"start":{"line":30,"column":30},"end":{"line":30,"column":null}}],"line":30},"4":{"loc":{"start":{"line":41,"column":35},"end":{"line":41,"column":null}},"type":"cond-expr","locations":[{"start":{"line":41,"column":43},"end":{"line":41,"column":68}},{"start":{"line":41,"column":68},"end":{"line":41,"column":null}}],"line":41},"5":{"loc":{"start":{"line":43,"column":26},"end":{"line":43,"column":null}},"type":"cond-expr","locations":[{"start":{"line":43,"column":34},"end":{"line":43,"column":44}},{"start":{"line":43,"column":44},"end":{"line":43,"column":null}}],"line":43},"6":{"loc":{"start":{"line":46,"column":7},"end":{"line":50,"column":null}},"type":"cond-expr","locations":[{"start":{"line":47,"column":8},"end":{"line":50,"column":null}},{"start":{"line":50,"column":10},"end":{"line":50,"column":null}}],"line":46}},"s":{"0":4,"1":1,"2":1,"3":1,"4":1,"5":0,"6":0,"7":0,"8":0,"9":0,"10":0,"11":1},"f":{"0":1,"1":0},"b":{"0":[1,1],"1":[0,0],"2":[0,0],"3":[1,0],"4":[0,1],"5":[0,1],"6":[0,1]},"meta":{"lastBranch":7,"lastFunction":2,"lastStatement":12,"seen":{"s:9:6:50:Infinity":0,"f:9:6:9:53":0,"s:10:18:10:Infinity":1,"s:12:18:12:Infinity":2,"b:12:18:12:69:12:69:12:Infinity":0,"s:13:19:13:54":3,"s:15:8:23:Infinity":4,"f:15:8:15:24":1,"s:16:18:16:Infinity":5,"b:17:4:19:Infinity:undefined:undefined:undefined:undefined":1,"s:17:4:19:Infinity":6,"b:17:8:17:18:17:18:17:38":2,"s:18:6:18:Infinity":7,"s:19:6:19:Infinity":8,"s:22:34:22:51":9,"s:23:4:23:Infinity":10,"s:26:2:50:Infinity":11,"b:30:9:30:30:30:30:30:Infinity":3,"b:41:43:41:68:41:68:41:Infinity":4,"b:43:34:43:44:43:44:43:Infinity":5,"b:47:8:50:Infinity:50:10:50:Infinity":6},"fnNames":{}}}
,"C:\\Users\\USUARIO\\OneDrive\\Desktop\\proyectos\\sistema-gestion-calidad-dm -v1\\src\\runtime\\renderer\\fields\\FieldInformative.tsx": {"path":"C:\\Users\\USUARIO\\OneDrive\\Desktop\\proyectos\\sistema-gestion-calidad-dm -v1\\src\\runtime\\renderer\\fields\\FieldInformative.tsx","statementMap":{"0":{"start":{"line":10,"column":6},"end":{"line":16,"column":null}},"1":{"start":{"line":11,"column":2},"end":{"line":16,"column":null}}},"fnMap":{"0":{"name":"(anonymous_0)","decl":{"start":{"line":10,"column":6},"end":{"line":10,"column":54}},"loc":{"start":{"line":10,"column":71},"end":{"line":16,"column":null}},"line":10}},"branchMap":{},"s":{"0":4,"1":1},"f":{"0":1},"b":{},"meta":{"lastBranch":0,"lastFunction":1,"lastStatement":2,"seen":{"s:10:6:16:Infinity":0,"f:10:6:10:54":0,"s:11:2:16:Infinity":1},"fnNames":{}}}
,"C:\\Users\\USUARIO\\OneDrive\\Desktop\\proyectos\\sistema-gestion-calidad-dm -v1\\src\\runtime\\renderer\\fields\\FieldMultiSelect.tsx": {"path":"C:\\Users\\USUARIO\\OneDrive\\Desktop\\proyectos\\sistema-gestion-calidad-dm -v1\\src\\runtime\\renderer\\fields\\FieldMultiSelect.tsx","statementMap":{"0":{"start":{"line":14,"column":6},"end":{"line":56,"column":null}},"1":{"start":{"line":15,"column":25},"end":{"line":15,"column":80}},"2":{"start":{"line":15,"column":65},"end":{"line":15,"column":74}},"3":{"start":{"line":17,"column":23},"end":{"line":17,"column":null}},"4":{"start":{"line":18,"column":21},"end":{"line":18,"column":null}},"5":{"start":{"line":19,"column":18},"end":{"line":19,"column":81}},"6":{"start":{"line":21,"column":18},"end":{"line":21,"column":null}},"7":{"start":{"line":23,"column":2},"end":{"line":56,"column":null}},"8":{"start":{"line":37,"column":25},"end":{"line":37,"column":85}},"9":{"start":{"line":37,"column":75},"end":{"line":37,"column":85}},"10":{"start":{"line":38,"column":10},"end":{"line":38,"column":null}},"11":{"start":{"line":46,"column":10},"end":{"line":48,"column":null}}},"fnMap":{"0":{"name":"(anonymous_0)","decl":{"start":{"line":14,"column":6},"end":{"line":14,"column":54}},"loc":{"start":{"line":14,"column":105},"end":{"line":56,"column":null}},"line":14},"1":{"name":"(anonymous_1)","decl":{"start":{"line":15,"column":54},"end":{"line":15,"column":59}},"loc":{"start":{"line":15,"column":65},"end":{"line":15,"column":74}},"line":15},"2":{"name":"(anonymous_2)","decl":{"start":{"line":36,"column":8},"end":{"line":36,"column":19}},"loc":{"start":{"line":36,"column":25},"end":{"line":38,"column":null}},"line":36},"3":{"name":"(anonymous_3)","decl":{"start":{"line":37,"column":62},"end":{"line":37,"column":67}},"loc":{"start":{"line":37,"column":75},"end":{"line":37,"column":85}},"line":37},"4":{"name":"(anonymous_4)","decl":{"start":{"line":45,"column":17},"end":{"line":45,"column":22}},"loc":{"start":{"line":46,"column":10},"end":{"line":48,"column":null}},"line":46}},"branchMap":{"0":{"loc":{"start":{"line":15,"column":25},"end":{"line":15,"column":80}},"type":"cond-expr","locations":[{"start":{"line":15,"column":48},"end":{"line":15,"column":75}},{"start":{"line":15,"column":78},"end":{"line":15,"column":80}}],"line":15},"1":{"loc":{"start":{"line":17,"column":23},"end":{"line":17,"column":null}},"type":"binary-expr","locations":[{"start":{"line":17,"column":23},"end":{"line":17,"column":79}},{"start":{"line":17,"column":79},"end":{"line":17,"column":null}}],"line":17},"2":{"loc":{"start":{"line":19,"column":18},"end":{"line":19,"column":81}},"type":"cond-expr","locations":[{"start":{"line":19,"column":47},"end":{"line":19,"column":79}},{"start":{"line":19,"column":79},"end":{"line":19,"column":81}}],"line":19},"3":{"loc":{"start":{"line":27,"column":9},"end":{"line":27,"column":null}},"type":"binary-expr","locations":[{"start":{"line":27,"column":9},"end":{"line":27,"column":30}},{"start":{"line":27,"column":30},"end":{"line":27,"column":null}}],"line":27},"4":{"loc":{"start":{"line":40,"column":36},"end":{"line":40,"column":null}},"type":"cond-expr","locations":[{"start":{"line":40,"column":44},"end":{"line":40,"column":69}},{"start":{"line":40,"column":69},"end":{"line":40,"column":null}}],"line":40},"5":{"loc":{"start":{"line":42,"column":26},"end":{"line":42,"column":null}},"type":"cond-expr","locations":[{"start":{"line":42,"column":34},"end":{"line":42,"column":44}},{"start":{"line":42,"column":44},"end":{"line":42,"column":null}}],"line":42},"6":{"loc":{"start":{"line":44,"column":9},"end":{"line":44,"column":null}},"type":"cond-expr","locations":[{"start":{"line":44,"column":23},"end":{"line":44,"column":null}},{"start":{"line":44,"column":74},"end":{"line":44,"column":null}}],"line":44},"7":{"loc":{"start":{"line":52,"column":7},"end":{"line":56,"column":null}},"type":"cond-expr","locations":[{"start":{"line":53,"column":8},"end":{"line":56,"column":null}},{"start":{"line":56,"column":10},"end":{"line":56,"column":null}}],"line":52}},"s":{"0":4,"1":1,"2":0,"3":1,"4":1,"5":1,"6":1,"7":1,"8":0,"9":0,"10":0,"11":0},"f":{"0":1,"1":0,"2":0,"3":0,"4":0},"b":{"0":[0,1],"1":[1,1],"2":[0,1],"3":[1,0],"4":[0,1],"5":[0,1],"6":[0,1],"7":[0,1]},"meta":{"lastBranch":8,"lastFunction":5,"lastStatement":12,"seen":{"s:14:6:56:Infinity":0,"f:14:6:14:54":0,"s:15:25:15:80":1,"b:15:48:15:75:15:78:15:80":0,"f:15:54:15:59":1,"s:15:65:15:74":2,"s:17:23:17:Infinity":3,"b:17:23:17:79:17:79:17:Infinity":1,"s:18:21:18:Infinity":4,"s:19:18:19:81":5,"b:19:47:19:79:19:79:19:81":2,"s:21:18:21:Infinity":6,"s:23:2:56:Infinity":7,"b:27:9:27:30:27:30:27:Infinity":3,"f:36:8:36:19":2,"s:37:25:37:85":8,"f:37:62:37:67":3,"s:37:75:37:85":9,"s:38:10:38:Infinity":10,"b:40:44:40:69:40:69:40:Infinity":4,"b:42:34:42:44:42:44:42:Infinity":5,"b:44:23:44:Infinity:44:74:44:Infinity":6,"f:45:17:45:22":4,"s:46:10:48:Infinity":11,"b:53:8:56:Infinity:56:10:56:Infinity":7},"fnNames":{}}}
,"C:\\Users\\USUARIO\\OneDrive\\Desktop\\proyectos\\sistema-gestion-calidad-dm -v1\\src\\runtime\\renderer\\fields\\FieldNumber.tsx": {"path":"C:\\Users\\USUARIO\\OneDrive\\Desktop\\proyectos\\sistema-gestion-calidad-dm -v1\\src\\runtime\\renderer\\fields\\FieldNumber.tsx","statementMap":{"0":{"start":{"line":9,"column":6},"end":{"line":45,"column":null}},"1":{"start":{"line":10,"column":17},"end":{"line":10,"column":51}},"2":{"start":{"line":12,"column":14},"end":{"line":12,"column":null}},"3":{"start":{"line":13,"column":14},"end":{"line":13,"column":null}},"4":{"start":{"line":14,"column":23},"end":{"line":14,"column":null}},"5":{"start":{"line":16,"column":2},"end":{"line":45,"column":null}},"6":{"start":{"line":33,"column":22},"end":{"line":33,"column":null}},"7":{"start":{"line":34,"column":23},"end":{"line":34,"column":54}},"8":{"start":{"line":35,"column":10},"end":{"line":35,"column":null}}},"fnMap":{"0":{"name":"(anonymous_0)","decl":{"start":{"line":9,"column":6},"end":{"line":9,"column":49}},"loc":{"start":{"line":9,"column":100},"end":{"line":45,"column":null}},"line":9},"1":{"name":"(anonymous_1)","decl":{"start":{"line":32,"column":8},"end":{"line":32,"column":19}},"loc":{"start":{"line":32,"column":25},"end":{"line":35,"column":null}},"line":32}},"branchMap":{"0":{"loc":{"start":{"line":10,"column":17},"end":{"line":10,"column":51}},"type":"cond-expr","locations":[{"start":{"line":10,"column":33},"end":{"line":10,"column":38}},{"start":{"line":10,"column":38},"end":{"line":10,"column":51}}],"line":10},"1":{"loc":{"start":{"line":14,"column":23},"end":{"line":14,"column":null}},"type":"binary-expr","locations":[{"start":{"line":14,"column":23},"end":{"line":14,"column":79}},{"start":{"line":14,"column":79},"end":{"line":14,"column":null}}],"line":14},"2":{"loc":{"start":{"line":20,"column":9},"end":{"line":20,"column":null}},"type":"binary-expr","locations":[{"start":{"line":20,"column":9},"end":{"line":20,"column":30}},{"start":{"line":20,"column":30},"end":{"line":20,"column":null}}],"line":20},"3":{"loc":{"start":{"line":34,"column":23},"end":{"line":34,"column":54}},"type":"cond-expr","locations":[{"start":{"line":34,"column":36},"end":{"line":34,"column":43}},{"start":{"line":34,"column":43},"end":{"line":34,"column":54}}],"line":34},"4":{"loc":{"start":{"line":37,"column":35},"end":{"line":37,"column":null}},"type":"cond-expr","locations":[{"start":{"line":37,"column":43},"end":{"line":37,"column":68}},{"start":{"line":37,"column":68},"end":{"line":37,"column":null}}],"line":37},"5":{"loc":{"start":{"line":39,"column":26},"end":{"line":39,"column":null}},"type":"cond-expr","locations":[{"start":{"line":39,"column":34},"end":{"line":39,"column":59}},{"start":{"line":39,"column":59},"end":{"line":39,"column":null}}],"line":39},"6":{"loc":{"start":{"line":42,"column":7},"end":{"line":45,"column":null}},"type":"binary-expr","locations":[{"start":{"line":42,"column":7},"end":{"line":42,"column":null}},{"start":{"line":43,"column":8},"end":{"line":45,"column":null}}],"line":42}},"s":{"0":4,"1":5,"2":5,"3":5,"4":5,"5":5,"6":0,"7":0,"8":0},"f":{"0":5,"1":0},"b":{"0":[0,5],"1":[5,5],"2":[5,0],"3":[0,0],"4":[0,5],"5":[0,5],"6":[5,0]},"meta":{"lastBranch":7,"lastFunction":2,"lastStatement":9,"seen":{"s:9:6:45:Infinity":0,"f:9:6:9:49":0,"s:10:17:10:51":1,"b:10:33:10:38:10:38:10:51":0,"s:12:14:12:Infinity":2,"s:13:14:13:Infinity":3,"s:14:23:14:Infinity":4,"b:14:23:14:79:14:79:14:Infinity":1,"s:16:2:45:Infinity":5,"b:20:9:20:30:20:30:20:Infinity":2,"f:32:8:32:19":1,"s:33:22:33:Infinity":6,"s:34:23:34:54":7,"b:34:36:34:43:34:43:34:54":3,"s:35:10:35:Infinity":8,"b:37:43:37:68:37:68:37:Infinity":4,"b:39:34:39:59:39:59:39:Infinity":5,"b:42:7:42:Infinity:43:8:45:Infinity":6},"fnNames":{}}}
,"C:\\Users\\USUARIO\\OneDrive\\Desktop\\proyectos\\sistema-gestion-calidad-dm -v1\\src\\runtime\\renderer\\fields\\FieldRadio.tsx": {"path":"C:\\Users\\USUARIO\\OneDrive\\Desktop\\proyectos\\sistema-gestion-calidad-dm -v1\\src\\runtime\\renderer\\fields\\FieldRadio.tsx","statementMap":{"0":{"start":{"line":14,"column":6},"end":{"line":60,"column":null}},"1":{"start":{"line":15,"column":19},"end":{"line":15,"column":53}},"2":{"start":{"line":17,"column":21},"end":{"line":17,"column":null}},"3":{"start":{"line":18,"column":18},"end":{"line":18,"column":80}},"4":{"start":{"line":20,"column":18},"end":{"line":20,"column":null}},"5":{"start":{"line":22,"column":2},"end":{"line":60,"column":null}},"6":{"start":{"line":32,"column":29},"end":{"line":32,"column":null}},"7":{"start":{"line":33,"column":28},"end":{"line":33,"column":58}},"8":{"start":{"line":35,"column":12},"end":{"line":49,"column":null}},"9":{"start":{"line":44,"column":34},"end":{"line":44,"column":74}}},"fnMap":{"0":{"name":"(anonymous_0)","decl":{"start":{"line":14,"column":6},"end":{"line":14,"column":48}},"loc":{"start":{"line":14,"column":99},"end":{"line":60,"column":null}},"line":14},"1":{"name":"(anonymous_1)","decl":{"start":{"line":31,"column":19},"end":{"line":31,"column":24}},"loc":{"start":{"line":31,"column":32},"end":{"line":49,"column":null}},"line":31},"2":{"name":"(anonymous_2)","decl":{"start":{"line":44,"column":18},"end":{"line":44,"column":34}},"loc":{"start":{"line":44,"column":34},"end":{"line":44,"column":74}},"line":44}},"branchMap":{"0":{"loc":{"start":{"line":15,"column":19},"end":{"line":15,"column":53}},"type":"cond-expr","locations":[{"start":{"line":15,"column":35},"end":{"line":15,"column":40}},{"start":{"line":15,"column":40},"end":{"line":15,"column":53}}],"line":15},"1":{"loc":{"start":{"line":18,"column":18},"end":{"line":18,"column":80}},"type":"cond-expr","locations":[{"start":{"line":18,"column":47},"end":{"line":18,"column":78}},{"start":{"line":18,"column":78},"end":{"line":18,"column":80}}],"line":18},"2":{"loc":{"start":{"line":27,"column":11},"end":{"line":27,"column":null}},"type":"binary-expr","locations":[{"start":{"line":27,"column":11},"end":{"line":27,"column":32}},{"start":{"line":27,"column":32},"end":{"line":27,"column":null}}],"line":27},"3":{"loc":{"start":{"line":46,"column":36},"end":{"line":46,"column":null}},"type":"cond-expr","locations":[{"start":{"line":46,"column":44},"end":{"line":46,"column":54}},{"start":{"line":46,"column":54},"end":{"line":46,"column":null}}],"line":46},"4":{"loc":{"start":{"line":54,"column":9},"end":{"line":57,"column":null}},"type":"binary-expr","locations":[{"start":{"line":54,"column":9},"end":{"line":54,"column":null}},{"start":{"line":55,"column":10},"end":{"line":57,"column":null}}],"line":54}},"s":{"0":4,"1":1,"2":1,"3":1,"4":1,"5":1,"6":0,"7":0,"8":0,"9":0},"f":{"0":1,"1":0,"2":0},"b":{"0":[0,1],"1":[0,1],"2":[1,0],"3":[0,0],"4":[1,0]},"meta":{"lastBranch":5,"lastFunction":3,"lastStatement":10,"seen":{"s:14:6:60:Infinity":0,"f:14:6:14:48":0,"s:15:19:15:53":1,"b:15:35:15:40:15:40:15:53":0,"s:17:21:17:Infinity":2,"s:18:18:18:80":3,"b:18:47:18:78:18:78:18:80":1,"s:20:18:20:Infinity":4,"s:22:2:60:Infinity":5,"b:27:11:27:32:27:32:27:Infinity":2,"f:31:19:31:24":1,"s:32:29:32:Infinity":6,"s:33:28:33:58":7,"s:35:12:49:Infinity":8,"f:44:18:44:34":2,"s:44:34:44:74":9,"b:46:44:46:54:46:54:46:Infinity":3,"b:54:9:54:Infinity:55:10:57:Infinity":4},"fnNames":{}}}
,"C:\\Users\\USUARIO\\OneDrive\\Desktop\\proyectos\\sistema-gestion-calidad-dm -v1\\src\\runtime\\renderer\\fields\\FieldSelect.tsx": {"path":"C:\\Users\\USUARIO\\OneDrive\\Desktop\\proyectos\\sistema-gestion-calidad-dm -v1\\src\\runtime\\renderer\\fields\\FieldSelect.tsx","statementMap":{"0":{"start":{"line":14,"column":6},"end":{"line":51,"column":null}},"1":{"start":{"line":15,"column":17},"end":{"line":15,"column":51}},"2":{"start":{"line":17,"column":23},"end":{"line":17,"column":null}},"3":{"start":{"line":18,"column":21},"end":{"line":18,"column":null}},"4":{"start":{"line":19,"column":18},"end":{"line":19,"column":95}},"5":{"start":{"line":20,"column":8},"end":{"line":20,"column":null}},"6":{"start":{"line":20,"column":50},"end":{"line":20,"column":null}},"7":{"start":{"line":21,"column":8},"end":{"line":21,"column":101}},"8":{"start":{"line":21,"column":50},"end":{"line":21,"column":101}},"9":{"start":{"line":23,"column":2},"end":{"line":51,"column":null}},"10":{"start":{"line":35,"column":25},"end":{"line":35,"column":62}},"11":{"start":{"line":42,"column":10},"end":{"line":44,"column":null}}},"fnMap":{"0":{"name":"(anonymous_0)","decl":{"start":{"line":14,"column":6},"end":{"line":14,"column":49}},"loc":{"start":{"line":14,"column":100},"end":{"line":51,"column":null}},"line":14},"1":{"name":"(anonymous_1)","decl":{"start":{"line":20,"column":8},"end":{"line":20,"column":20}},"loc":{"start":{"line":20,"column":50},"end":{"line":20,"column":null}},"line":20},"2":{"name":"(anonymous_2)","decl":{"start":{"line":21,"column":8},"end":{"line":21,"column":20}},"loc":{"start":{"line":21,"column":50},"end":{"line":21,"column":101}},"line":21},"3":{"name":"(anonymous_3)","decl":{"start":{"line":35,"column":8},"end":{"line":35,"column":19}},"loc":{"start":{"line":35,"column":25},"end":{"line":35,"column":62}},"line":35},"4":{"name":"(anonymous_4)","decl":{"start":{"line":41,"column":17},"end":{"line":41,"column":22}},"loc":{"start":{"line":42,"column":10},"end":{"line":44,"column":null}},"line":42}},"branchMap":{"0":{"loc":{"start":{"line":15,"column":17},"end":{"line":15,"column":51}},"type":"cond-expr","locations":[{"start":{"line":15,"column":33},"end":{"line":15,"column":38}},{"start":{"line":15,"column":38},"end":{"line":15,"column":51}}],"line":15},"1":{"loc":{"start":{"line":17,"column":23},"end":{"line":17,"column":null}},"type":"binary-expr","locations":[{"start":{"line":17,"column":23},"end":{"line":17,"column":79}},{"start":{"line":17,"column":79},"end":{"line":17,"column":null}}],"line":17},"2":{"loc":{"start":{"line":19,"column":18},"end":{"line":19,"column":95}},"type":"cond-expr","locations":[{"start":{"line":19,"column":47},"end":{"line":19,"column":93}},{"start":{"line":19,"column":93},"end":{"line":19,"column":95}}],"line":19},"3":{"loc":{"start":{"line":20,"column":50},"end":{"line":20,"column":null}},"type":"cond-expr","locations":[{"start":{"line":20,"column":74},"end":{"line":20,"column":79}},{"start":{"line":20,"column":79},"end":{"line":20,"column":null}}],"line":20},"4":{"loc":{"start":{"line":20,"column":79},"end":{"line":20,"column":null}},"type":"binary-expr","locations":[{"start":{"line":20,"column":79},"end":{"line":20,"column":90}},{"start":{"line":20,"column":90},"end":{"line":20,"column":null}}],"line":20},"5":{"loc":{"start":{"line":21,"column":50},"end":{"line":21,"column":101}},"type":"cond-expr","locations":[{"start":{"line":21,"column":74},"end":{"line":21,"column":79}},{"start":{"line":21,"column":79},"end":{"line":21,"column":101}}],"line":21},"6":{"loc":{"start":{"line":21,"column":79},"end":{"line":21,"column":101}},"type":"binary-expr","locations":[{"start":{"line":21,"column":79},"end":{"line":21,"column":90}},{"start":{"line":21,"column":90},"end":{"line":21,"column":101}}],"line":21},"7":{"loc":{"start":{"line":27,"column":9},"end":{"line":27,"column":null}},"type":"binary-expr","locations":[{"start":{"line":27,"column":9},"end":{"line":27,"column":30}},{"start":{"line":27,"column":30},"end":{"line":27,"column":null}}],"line":27},"8":{"loc":{"start":{"line":36,"column":36},"end":{"line":36,"column":null}},"type":"cond-expr","locations":[{"start":{"line":36,"column":44},"end":{"line":36,"column":69}},{"start":{"line":36,"column":69},"end":{"line":36,"column":null}}],"line":36},"9":{"loc":{"start":{"line":38,"column":26},"end":{"line":38,"column":null}},"type":"cond-expr","locations":[{"start":{"line":38,"column":34},"end":{"line":38,"column":59}},{"start":{"line":38,"column":59},"end":{"line":38,"column":null}}],"line":38},"10":{"loc":{"start":{"line":40,"column":9},"end":{"line":40,"column":null}},"type":"cond-expr","locations":[{"start":{"line":40,"column":23},"end":{"line":40,"column":null}},{"start":{"line":40,"column":65},"end":{"line":40,"column":null}}],"line":40},"11":{"loc":{"start":{"line":48,"column":7},"end":{"line":51,"column":null}},"type":"binary-expr","locations":[{"start":{"line":48,"column":7},"end":{"line":48,"column":null}},{"start":{"line":49,"column":8},"end":{"line":51,"column":null}}],"line":48}},"s":{"0":4,"1":4,"2":4,"3":4,"4":4,"5":4,"6":9,"7":4,"8":9,"9":4,"10":0,"11":9},"f":{"0":4,"1":9,"2":9,"3":0,"4":9},"b":{"0":[0,4],"1":[4,4],"2":[4,0],"3":[9,0],"4":[0,0],"5":[9,0],"6":[0,0],"7":[4,0],"8":[0,4],"9":[0,4],"10":[0,4],"11":[4,0]},"meta":{"lastBranch":12,"lastFunction":5,"lastStatement":12,"seen":{"s:14:6:51:Infinity":0,"f:14:6:14:49":0,"s:15:17:15:51":1,"b:15:33:15:38:15:38:15:51":0,"s:17:23:17:Infinity":2,"b:17:23:17:79:17:79:17:Infinity":1,"s:18:21:18:Infinity":3,"s:19:18:19:95":4,"b:19:47:19:93:19:93:19:95":2,"s:20:8:20:Infinity":5,"f:20:8:20:20":1,"s:20:50:20:Infinity":6,"b:20:74:20:79:20:79:20:Infinity":3,"b:20:79:20:90:20:90:20:Infinity":4,"s:21:8:21:101":7,"f:21:8:21:20":2,"s:21:50:21:101":8,"b:21:74:21:79:21:79:21:101":5,"b:21:79:21:90:21:90:21:101":6,"s:23:2:51:Infinity":9,"b:27:9:27:30:27:30:27:Infinity":7,"f:35:8:35:19":3,"s:35:25:35:62":10,"b:36:44:36:69:36:69:36:Infinity":8,"b:38:34:38:59:38:59:38:Infinity":9,"b:40:23:40:Infinity:40:65:40:Infinity":10,"f:41:17:41:22":4,"s:42:10:44:Infinity":11,"b:48:7:48:Infinity:49:8:51:Infinity":11},"fnNames":{}}}
,"C:\\Users\\USUARIO\\OneDrive\\Desktop\\proyectos\\sistema-gestion-calidad-dm -v1\\src\\runtime\\renderer\\fields\\FieldSignature.tsx": {"path":"C:\\Users\\USUARIO\\OneDrive\\Desktop\\proyectos\\sistema-gestion-calidad-dm -v1\\src\\runtime\\renderer\\fields\\FieldSignature.tsx","statementMap":{"0":{"start":{"line":9,"column":6},"end":{"line":51,"column":null}},"1":{"start":{"line":10,"column":18},"end":{"line":10,"column":null}},"2":{"start":{"line":12,"column":8},"end":{"line":16,"column":null}},"3":{"start":{"line":15,"column":4},"end":{"line":15,"column":null}},"4":{"start":{"line":15,"column":18},"end":{"line":15,"column":null}},"5":{"start":{"line":16,"column":4},"end":{"line":16,"column":null}},"6":{"start":{"line":19,"column":2},"end":{"line":51,"column":null}},"7":{"start":{"line":40,"column":10},"end":{"line":40,"column":null}},"8":{"start":{"line":40,"column":24},"end":{"line":40,"column":null}},"9":{"start":{"line":41,"column":10},"end":{"line":41,"column":null}},"10":{"start":{"line":41,"column":50},"end":{"line":41,"column":null}}},"fnMap":{"0":{"name":"(anonymous_0)","decl":{"start":{"line":9,"column":6},"end":{"line":9,"column":52}},"loc":{"start":{"line":9,"column":103},"end":{"line":51,"column":null}},"line":9},"1":{"name":"(anonymous_1)","decl":{"start":{"line":12,"column":8},"end":{"line":12,"column":28}},"loc":{"start":{"line":12,"column":28},"end":{"line":16,"column":null}},"line":12},"2":{"name":"(anonymous_2)","decl":{"start":{"line":39,"column":8},"end":{"line":39,"column":20}},"loc":{"start":{"line":39,"column":26},"end":{"line":41,"column":null}},"line":39}},"branchMap":{"0":{"loc":{"start":{"line":15,"column":4},"end":{"line":15,"column":null}},"type":"if","locations":[{"start":{"line":15,"column":4},"end":{"line":15,"column":null}},{"start":{},"end":{}}],"line":15},"1":{"loc":{"start":{"line":23,"column":9},"end":{"line":25,"column":null}},"type":"binary-expr","locations":[{"start":{"line":23,"column":9},"end":{"line":23,"column":null}},{"start":{"line":24,"column":10},"end":{"line":25,"column":null}}],"line":23},"2":{"loc":{"start":{"line":32,"column":51},"end":{"line":32,"column":null}},"type":"cond-expr","locations":[{"start":{"line":32,"column":59},"end":{"line":32,"column":84}},{"start":{"line":32,"column":84},"end":{"line":32,"column":null}}],"line":32},"3":{"loc":{"start":{"line":34,"column":18},"end":{"line":34,"column":null}},"type":"cond-expr","locations":[{"start":{"line":34,"column":29},"end":{"line":34,"column":34}},{"start":{"line":34,"column":34},"end":{"line":34,"column":null}}],"line":34},"4":{"loc":{"start":{"line":37,"column":26},"end":{"line":37,"column":null}},"type":"cond-expr","locations":[{"start":{"line":37,"column":34},"end":{"line":37,"column":44}},{"start":{"line":37,"column":44},"end":{"line":37,"column":null}}],"line":37},"5":{"loc":{"start":{"line":40,"column":10},"end":{"line":40,"column":null}},"type":"if","locations":[{"start":{"line":40,"column":10},"end":{"line":40,"column":null}},{"start":{},"end":{}}],"line":40},"6":{"loc":{"start":{"line":41,"column":10},"end":{"line":41,"column":null}},"type":"if","locations":[{"start":{"line":41,"column":10},"end":{"line":41,"column":null}},{"start":{},"end":{}}],"line":41},"7":{"loc":{"start":{"line":41,"column":14},"end":{"line":41,"column":50}},"type":"binary-expr","locations":[{"start":{"line":41,"column":14},"end":{"line":41,"column":35}},{"start":{"line":41,"column":35},"end":{"line":41,"column":50}}],"line":41},"8":{"loc":{"start":{"line":47,"column":7},"end":{"line":51,"column":null}},"type":"cond-expr","locations":[{"start":{"line":48,"column":8},"end":{"line":51,"column":null}},{"start":{"line":51,"column":10},"end":{"line":51,"column":null}}],"line":47}},"s":{"0":4,"1":1,"2":1,"3":0,"4":0,"5":0,"6":1,"7":0,"8":0,"9":0,"10":0},"f":{"0":1,"1":0,"2":0},"b":{"0":[0,0],"1":[1,0],"2":[0,1],"3":[0,1],"4":[0,1],"5":[0,0],"6":[0,0],"7":[0,0],"8":[0,1]},"meta":{"lastBranch":9,"lastFunction":3,"lastStatement":11,"seen":{"s:9:6:51:Infinity":0,"f:9:6:9:52":0,"s:10:18:10:Infinity":1,"s:12:8:16:Infinity":2,"f:12:8:12:28":1,"b:15:4:15:Infinity:undefined:undefined:undefined:undefined":0,"s:15:4:15:Infinity":3,"s:15:18:15:Infinity":4,"s:16:4:16:Infinity":5,"s:19:2:51:Infinity":6,"b:23:9:23:Infinity:24:10:25:Infinity":1,"b:32:59:32:84:32:84:32:Infinity":2,"b:34:29:34:34:34:34:34:Infinity":3,"b:37:34:37:44:37:44:37:Infinity":4,"f:39:8:39:20":2,"b:40:10:40:Infinity:undefined:undefined:undefined:undefined":5,"s:40:10:40:Infinity":7,"s:40:24:40:Infinity":8,"b:41:10:41:Infinity:undefined:undefined:undefined:undefined":6,"s:41:10:41:Infinity":9,"b:41:14:41:35:41:35:41:50":7,"s:41:50:41:Infinity":10,"b:48:8:51:Infinity:51:10:51:Infinity":8},"fnNames":{}}}
,"C:\\Users\\USUARIO\\OneDrive\\Desktop\\proyectos\\sistema-gestion-calidad-dm -v1\\src\\runtime\\renderer\\fields\\FieldTable.tsx": {"path":"C:\\Users\\USUARIO\\OneDrive\\Desktop\\proyectos\\sistema-gestion-calidad-dm -v1\\src\\runtime\\renderer\\fields\\FieldTable.tsx","statementMap":{"0":{"start":{"line":15,"column":6},"end":{"line":89,"column":null}},"1":{"start":{"line":16,"column":18},"end":{"line":16,"column":null}},"2":{"start":{"line":18,"column":19},"end":{"line":18,"column":83}},"3":{"start":{"line":19,"column":16},"end":{"line":19,"column":61}},"4":{"start":{"line":21,"column":21},"end":{"line":21,"column":null}},"5":{"start":{"line":22,"column":18},"end":{"line":22,"column":null}},"6":{"start":{"line":24,"column":2},"end":{"line":89,"column":null}},"7":{"start":{"line":53,"column":18},"end":{"line":53,"column":null}},"8":{"start":{"line":68,"column":18},"end":{"line":68,"column":null}},"9":{"start":{"line":74,"column":16},"end":{"line":78,"column":null}},"10":{"start":{"line":76,"column":20},"end":{"line":76,"column":null}}},"fnMap":{"0":{"name":"(anonymous_0)","decl":{"start":{"line":15,"column":6},"end":{"line":15,"column":48}},"loc":{"start":{"line":15,"column":89},"end":{"line":89,"column":null}},"line":15},"1":{"name":"(anonymous_1)","decl":{"start":{"line":52,"column":25},"end":{"line":52,"column":30}},"loc":{"start":{"line":53,"column":18},"end":{"line":53,"column":null}},"line":53},"2":{"name":"(anonymous_2)","decl":{"start":{"line":67,"column":25},"end":{"line":67,"column":30}},"loc":{"start":{"line":68,"column":18},"end":{"line":68,"column":null}},"line":68},"3":{"name":"(anonymous_3)","decl":{"start":{"line":73,"column":20},"end":{"line":73,"column":25}},"loc":{"start":{"line":74,"column":16},"end":{"line":78,"column":null}},"line":74},"4":{"name":"(anonymous_4)","decl":{"start":{"line":75,"column":27},"end":{"line":75,"column":32}},"loc":{"start":{"line":76,"column":20},"end":{"line":76,"column":null}},"line":76}},"branchMap":{"0":{"loc":{"start":{"line":18,"column":19},"end":{"line":18,"column":83}},"type":"binary-expr","locations":[{"start":{"line":18,"column":19},"end":{"line":18,"column":81}},{"start":{"line":18,"column":81},"end":{"line":18,"column":83}}],"line":18},"1":{"loc":{"start":{"line":19,"column":16},"end":{"line":19,"column":61}},"type":"binary-expr","locations":[{"start":{"line":19,"column":16},"end":{"line":19,"column":59}},{"start":{"line":19,"column":59},"end":{"line":19,"column":61}}],"line":19},"2":{"loc":{"start":{"line":21,"column":21},"end":{"line":21,"column":null}},"type":"binary-expr","locations":[{"start":{"line":21,"column":21},"end":{"line":21,"column":43}},{"start":{"line":21,"column":47},"end":{"line":21,"column":null}}],"line":21},"3":{"loc":{"start":{"line":22,"column":18},"end":{"line":22,"column":null}},"type":"binary-expr","locations":[{"start":{"line":22,"column":18},"end":{"line":22,"column":37}},{"start":{"line":22,"column":41},"end":{"line":22,"column":null}}],"line":22},"4":{"loc":{"start":{"line":28,"column":9},"end":{"line":30,"column":null}},"type":"binary-expr","locations":[{"start":{"line":28,"column":9},"end":{"line":28,"column":null}},{"start":{"line":29,"column":10},"end":{"line":30,"column":null}}],"line":28},"5":{"loc":{"start":{"line":37,"column":35},"end":{"line":37,"column":null}},"type":"cond-expr","locations":[{"start":{"line":37,"column":43},"end":{"line":37,"column":68}},{"start":{"line":37,"column":68},"end":{"line":37,"column":null}}],"line":37},"6":{"loc":{"start":{"line":39,"column":26},"end":{"line":39,"column":null}},"type":"cond-expr","locations":[{"start":{"line":39,"column":34},"end":{"line":39,"column":44}},{"start":{"line":39,"column":44},"end":{"line":39,"column":null}}],"line":39},"7":{"loc":{"start":{"line":42,"column":9},"end":{"line":81,"column":null}},"type":"cond-expr","locations":[{"start":{"line":43,"column":10},"end":{"line":48,"column":13}},{"start":{"line":48,"column":12},"end":{"line":81,"column":null}}],"line":42},"8":{"loc":{"start":{"line":48,"column":12},"end":{"line":81,"column":null}},"type":"cond-expr","locations":[{"start":{"line":49,"column":10},"end":{"line":62,"column":null}},{"start":{"line":64,"column":10},"end":{"line":81,"column":null}}],"line":48},"9":{"loc":{"start":{"line":76,"column":45},"end":{"line":76,"column":75}},"type":"binary-expr","locations":[{"start":{"line":76,"column":45},"end":{"line":76,"column":72}},{"start":{"line":76,"column":72},"end":{"line":76,"column":75}}],"line":76},"10":{"loc":{"start":{"line":85,"column":7},"end":{"line":89,"column":null}},"type":"cond-expr","locations":[{"start":{"line":86,"column":8},"end":{"line":89,"column":null}},{"start":{"line":89,"column":10},"end":{"line":89,"column":null}}],"line":85}},"s":{"0":4,"1":2,"2":2,"3":2,"4":2,"5":2,"6":2,"7":0,"8":0,"9":0,"10":0},"f":{"0":2,"1":0,"2":0,"3":0,"4":0},"b":{"0":[2,2],"1":[2,0],"2":[2,2],"3":[2,1],"4":[2,0],"5":[0,2],"6":[0,2],"7":[2,0],"8":[0,0],"9":[0,0],"10":[0,2]},"meta":{"lastBranch":11,"lastFunction":5,"lastStatement":11,"seen":{"s:15:6:89:Infinity":0,"f:15:6:15:48":0,"s:16:18:16:Infinity":1,"s:18:19:18:83":2,"b:18:19:18:81:18:81:18:83":0,"s:19:16:19:61":3,"b:19:16:19:59:19:59:19:61":1,"s:21:21:21:Infinity":4,"b:21:21:21:43:21:47:21:Infinity":2,"s:22:18:22:Infinity":5,"b:22:18:22:37:22:41:22:Infinity":3,"s:24:2:89:Infinity":6,"b:28:9:28:Infinity:29:10:30:Infinity":4,"b:37:43:37:68:37:68:37:Infinity":5,"b:39:34:39:44:39:44:39:Infinity":6,"b:43:10:48:13:48:12:81:Infinity":7,"b:49:10:62:Infinity:64:10:81:Infinity":8,"f:52:25:52:30":1,"s:53:18:53:Infinity":7,"f:67:25:67:30":2,"s:68:18:68:Infinity":8,"f:73:20:73:25":3,"s:74:16:78:Infinity":9,"f:75:27:75:32":4,"s:76:20:76:Infinity":10,"b:76:45:76:72:76:72:76:75":9,"b:86:8:89:Infinity:89:10:89:Infinity":10},"fnNames":{}}}
,"C:\\Users\\USUARIO\\OneDrive\\Desktop\\proyectos\\sistema-gestion-calidad-dm -v1\\src\\runtime\\renderer\\fields\\FieldText.tsx": {"path":"C:\\Users\\USUARIO\\OneDrive\\Desktop\\proyectos\\sistema-gestion-calidad-dm -v1\\src\\runtime\\renderer\\fields\\FieldText.tsx","statementMap":{"0":{"start":{"line":9,"column":6},"end":{"line":34,"column":null}},"1":{"start":{"line":10,"column":17},"end":{"line":10,"column":51}},"2":{"start":{"line":12,"column":2},"end":{"line":34,"column":null}},"3":{"start":{"line":25,"column":25},"end":{"line":25,"column":62}}},"fnMap":{"0":{"name":"(anonymous_0)","decl":{"start":{"line":9,"column":6},"end":{"line":9,"column":47}},"loc":{"start":{"line":9,"column":98},"end":{"line":34,"column":null}},"line":9},"1":{"name":"(anonymous_1)","decl":{"start":{"line":25,"column":8},"end":{"line":25,"column":19}},"loc":{"start":{"line":25,"column":25},"end":{"line":25,"column":62}},"line":25}},"branchMap":{"0":{"loc":{"start":{"line":10,"column":17},"end":{"line":10,"column":51}},"type":"cond-expr","locations":[{"start":{"line":10,"column":33},"end":{"line":10,"column":38}},{"start":{"line":10,"column":38},"end":{"line":10,"column":51}}],"line":10},"1":{"loc":{"start":{"line":16,"column":9},"end":{"line":16,"column":null}},"type":"binary-expr","locations":[{"start":{"line":16,"column":9},"end":{"line":16,"column":30}},{"start":{"line":16,"column":30},"end":{"line":16,"column":null}}],"line":16},"2":{"loc":{"start":{"line":24,"column":22},"end":{"line":24,"column":null}},"type":"binary-expr","locations":[{"start":{"line":24,"column":22},"end":{"line":24,"column":66}},{"start":{"line":24,"column":66},"end":{"line":24,"column":null}}],"line":24},"3":{"loc":{"start":{"line":26,"column":35},"end":{"line":26,"column":null}},"type":"cond-expr","locations":[{"start":{"line":26,"column":43},"end":{"line":26,"column":68}},{"start":{"line":26,"column":68},"end":{"line":26,"column":null}}],"line":26},"4":{"loc":{"start":{"line":28,"column":26},"end":{"line":28,"column":null}},"type":"cond-expr","locations":[{"start":{"line":28,"column":34},"end":{"line":28,"column":59}},{"start":{"line":28,"column":59},"end":{"line":28,"column":null}}],"line":28},"5":{"loc":{"start":{"line":29,"column":20},"end":{"line":29,"column":null}},"type":"binary-expr","locations":[{"start":{"line":29,"column":20},"end":{"line":29,"column":62}},{"start":{"line":29,"column":62},"end":{"line":29,"column":null}}],"line":29},"6":{"loc":{"start":{"line":31,"column":7},"end":{"line":34,"column":null}},"type":"binary-expr","locations":[{"start":{"line":31,"column":7},"end":{"line":31,"column":null}},{"start":{"line":32,"column":8},"end":{"line":34,"column":null}}],"line":31}},"s":{"0":4,"1":112,"2":112,"3":7},"f":{"0":112,"1":7},"b":{"0":[4,108],"1":[112,4],"2":[112,111],"3":[4,108],"4":[4,108],"5":[112,112],"6":[112,4]},"meta":{"lastBranch":7,"lastFunction":2,"lastStatement":4,"seen":{"s:9:6:34:Infinity":0,"f:9:6:9:47":0,"s:10:17:10:51":1,"b:10:33:10:38:10:38:10:51":0,"s:12:2:34:Infinity":2,"b:16:9:16:30:16:30:16:Infinity":1,"b:24:22:24:66:24:66:24:Infinity":2,"f:25:8:25:19":1,"s:25:25:25:62":3,"b:26:43:26:68:26:68:26:Infinity":3,"b:28:34:28:59:28:59:28:Infinity":4,"b:29:20:29:62:29:62:29:Infinity":5,"b:31:7:31:Infinity:32:8:34:Infinity":6},"fnNames":{}}}
,"C:\\Users\\USUARIO\\OneDrive\\Desktop\\proyectos\\sistema-gestion-calidad-dm -v1\\src\\runtime\\renderer\\fields\\FieldTextarea.tsx": {"path":"C:\\Users\\USUARIO\\OneDrive\\Desktop\\proyectos\\sistema-gestion-calidad-dm -v1\\src\\runtime\\renderer\\fields\\FieldTextarea.tsx","statementMap":{"0":{"start":{"line":9,"column":6},"end":{"line":39,"column":null}},"1":{"start":{"line":10,"column":17},"end":{"line":10,"column":51}},"2":{"start":{"line":12,"column":16},"end":{"line":12,"column":null}},"3":{"start":{"line":13,"column":23},"end":{"line":13,"column":null}},"4":{"start":{"line":15,"column":2},"end":{"line":39,"column":null}},"5":{"start":{"line":29,"column":25},"end":{"line":29,"column":62}}},"fnMap":{"0":{"name":"(anonymous_0)","decl":{"start":{"line":9,"column":6},"end":{"line":9,"column":51}},"loc":{"start":{"line":9,"column":102},"end":{"line":39,"column":null}},"line":9},"1":{"name":"(anonymous_1)","decl":{"start":{"line":29,"column":8},"end":{"line":29,"column":19}},"loc":{"start":{"line":29,"column":25},"end":{"line":29,"column":62}},"line":29}},"branchMap":{"0":{"loc":{"start":{"line":10,"column":17},"end":{"line":10,"column":51}},"type":"cond-expr","locations":[{"start":{"line":10,"column":33},"end":{"line":10,"column":38}},{"start":{"line":10,"column":38},"end":{"line":10,"column":51}}],"line":10},"1":{"loc":{"start":{"line":12,"column":16},"end":{"line":12,"column":null}},"type":"binary-expr","locations":[{"start":{"line":12,"column":16},"end":{"line":12,"column":65}},{"start":{"line":12,"column":65},"end":{"line":12,"column":null}}],"line":12},"2":{"loc":{"start":{"line":13,"column":23},"end":{"line":13,"column":null}},"type":"binary-expr","locations":[{"start":{"line":13,"column":23},"end":{"line":13,"column":79}},{"start":{"line":13,"column":79},"end":{"line":13,"column":null}}],"line":13},"3":{"loc":{"start":{"line":19,"column":9},"end":{"line":19,"column":null}},"type":"binary-expr","locations":[{"start":{"line":19,"column":9},"end":{"line":19,"column":30}},{"start":{"line":19,"column":30},"end":{"line":19,"column":null}}],"line":19},"4":{"loc":{"start":{"line":30,"column":38},"end":{"line":30,"column":null}},"type":"cond-expr","locations":[{"start":{"line":30,"column":46},"end":{"line":30,"column":71}},{"start":{"line":30,"column":71},"end":{"line":30,"column":null}}],"line":30},"5":{"loc":{"start":{"line":32,"column":26},"end":{"line":32,"column":null}},"type":"cond-expr","locations":[{"start":{"line":32,"column":34},"end":{"line":32,"column":59}},{"start":{"line":32,"column":59},"end":{"line":32,"column":null}}],"line":32},"6":{"loc":{"start":{"line":33,"column":20},"end":{"line":33,"column":null}},"type":"binary-expr","locations":[{"start":{"line":33,"column":20},"end":{"line":33,"column":62}},{"start":{"line":33,"column":62},"end":{"line":33,"column":null}}],"line":33},"7":{"loc":{"start":{"line":36,"column":7},"end":{"line":39,"column":null}},"type":"binary-expr","locations":[{"start":{"line":36,"column":7},"end":{"line":36,"column":null}},{"start":{"line":37,"column":8},"end":{"line":39,"column":null}}],"line":36}},"s":{"0":4,"1":2,"2":2,"3":2,"4":2,"5":0},"f":{"0":2,"1":0},"b":{"0":[0,2],"1":[2,2],"2":[2,2],"3":[2,0],"4":[0,2],"5":[0,2],"6":[2,2],"7":[2,0]},"meta":{"lastBranch":8,"lastFunction":2,"lastStatement":6,"seen":{"s:9:6:39:Infinity":0,"f:9:6:9:51":0,"s:10:17:10:51":1,"b:10:33:10:38:10:38:10:51":0,"s:12:16:12:Infinity":2,"b:12:16:12:65:12:65:12:Infinity":1,"s:13:23:13:Infinity":3,"b:13:23:13:79:13:79:13:Infinity":2,"s:15:2:39:Infinity":4,"b:19:9:19:30:19:30:19:Infinity":3,"f:29:8:29:19":1,"s:29:25:29:62":5,"b:30:46:30:71:30:71:30:Infinity":4,"b:32:34:32:59:32:59:32:Infinity":5,"b:33:20:33:62:33:62:33:Infinity":6,"b:36:7:36:Infinity:37:8:39:Infinity":7},"fnNames":{}}}
,"C:\\Users\\USUARIO\\OneDrive\\Desktop\\proyectos\\sistema-gestion-calidad-dm -v1\\src\\runtime\\renderer\\fields\\FieldWorkflowStatus.tsx": {"path":"C:\\Users\\USUARIO\\OneDrive\\Desktop\\proyectos\\sistema-gestion-calidad-dm -v1\\src\\runtime\\renderer\\fields\\FieldWorkflowStatus.tsx","statementMap":{"0":{"start":{"line":8,"column":6},"end":{"line":38,"column":null}},"1":{"start":{"line":9,"column":18},"end":{"line":9,"column":null}},"2":{"start":{"line":10,"column":23},"end":{"line":10,"column":75}},"3":{"start":{"line":12,"column":2},"end":{"line":38,"column":null}}},"fnMap":{"0":{"name":"(anonymous_0)","decl":{"start":{"line":8,"column":6},"end":{"line":8,"column":57}},"loc":{"start":{"line":8,"column":98},"end":{"line":38,"column":null}},"line":8}},"branchMap":{"0":{"loc":{"start":{"line":10,"column":23},"end":{"line":10,"column":75}},"type":"cond-expr","locations":[{"start":{"line":10,"column":39},"end":{"line":10,"column":62}},{"start":{"line":10,"column":62},"end":{"line":10,"column":75}}],"line":10},"1":{"loc":{"start":{"line":16,"column":9},"end":{"line":18,"column":null}},"type":"binary-expr","locations":[{"start":{"line":16,"column":9},"end":{"line":16,"column":null}},{"start":{"line":17,"column":10},"end":{"line":18,"column":null}}],"line":16},"2":{"loc":{"start":{"line":25,"column":45},"end":{"line":25,"column":null}},"type":"cond-expr","locations":[{"start":{"line":25,"column":53},"end":{"line":25,"column":78}},{"start":{"line":25,"column":78},"end":{"line":25,"column":null}}],"line":25},"3":{"loc":{"start":{"line":27,"column":26},"end":{"line":27,"column":null}},"type":"cond-expr","locations":[{"start":{"line":27,"column":34},"end":{"line":27,"column":44}},{"start":{"line":27,"column":44},"end":{"line":27,"column":null}}],"line":27},"4":{"loc":{"start":{"line":34,"column":7},"end":{"line":38,"column":null}},"type":"cond-expr","locations":[{"start":{"line":35,"column":8},"end":{"line":38,"column":null}},{"start":{"line":38,"column":10},"end":{"line":38,"column":null}}],"line":34}},"s":{"0":4,"1":1,"2":1,"3":1},"f":{"0":1},"b":{"0":[0,1],"1":[1,0],"2":[0,1],"3":[0,1],"4":[0,1]},"meta":{"lastBranch":5,"lastFunction":1,"lastStatement":4,"seen":{"s:8:6:38:Infinity":0,"f:8:6:8:57":0,"s:9:18:9:Infinity":1,"s:10:23:10:75":2,"b:10:39:10:62:10:62:10:75":0,"s:12:2:38:Infinity":3,"b:16:9:16:Infinity:17:10:18:Infinity":1,"b:25:53:25:78:25:78:25:Infinity":2,"b:27:34:27:44:27:44:27:Infinity":3,"b:35:8:38:Infinity:38:10:38:Infinity":4},"fnNames":{}}}
,"C:\\Users\\USUARIO\\OneDrive\\Desktop\\proyectos\\sistema-gestion-calidad-dm -v1\\src\\runtime\\rendering\\DynamicFieldRenderer.tsx": {"path":"C:\\Users\\USUARIO\\OneDrive\\Desktop\\proyectos\\sistema-gestion-calidad-dm -v1\\src\\runtime\\rendering\\DynamicFieldRenderer.tsx","statementMap":{"0":{"start":{"line":14,"column":6},"end":{"line":29,"column":null}},"1":{"start":{"line":19,"column":2},"end":{"line":29,"column":null}},"2":{"start":{"line":35,"column":57},"end":{"line":35,"column":null}},"3":{"start":{"line":37,"column":20},"end":{"line":37,"column":61}},"4":{"start":{"line":39,"column":45},"end":{"line":45,"column":null}},"5":{"start":{"line":47,"column":2},"end":{"line":53,"column":null}},"6":{"start":{"line":48,"column":4},"end":{"line":53,"column":null}},"7":{"start":{"line":57,"column":2},"end":{"line":57,"column":null}}},"fnMap":{"0":{"name":"(anonymous_0)","decl":{"start":{"line":14,"column":6},"end":{"line":14,"column":102}},"loc":{"start":{"line":18,"column":6},"end":{"line":29,"column":null}},"line":18},"1":{"name":"DynamicFieldRenderer","decl":{"start":{"line":34,"column":16},"end":{"line":34,"column":37}},"loc":{"start":{"line":34,"column":71},"end":{"line":57,"column":null}},"line":34}},"branchMap":{"0":{"loc":{"start":{"line":25,"column":7},"end":{"line":29,"column":null}},"type":"cond-expr","locations":[{"start":{"line":26,"column":8},"end":{"line":29,"column":null}},{"start":{"line":29,"column":10},"end":{"line":29,"column":null}}],"line":25},"1":{"loc":{"start":{"line":47,"column":2},"end":{"line":53,"column":null}},"type":"if","locations":[{"start":{"line":47,"column":2},"end":{"line":53,"column":null}},{"start":{},"end":{}}],"line":47}},"s":{"0":3,"1":5,"2":140,"3":140,"4":140,"5":140,"6":5,"7":135},"f":{"0":5,"1":140},"b":{"0":[1,4],"1":[5,135]},"meta":{"lastBranch":2,"lastFunction":2,"lastStatement":8,"seen":{"s:14:6:29:Infinity":0,"f:14:6:14:102":0,"s:19:2:29:Infinity":1,"b:26:8:29:Infinity:29:10:29:Infinity":0,"f:34:16:34:37":1,"s:35:57:35:Infinity":2,"s:37:20:37:61":3,"s:39:45:45:Infinity":4,"b:47:2:53:Infinity:undefined:undefined:undefined:undefined":1,"s:47:2:53:Infinity":5,"s:48:4:53:Infinity":6,"s:57:2:57:Infinity":7},"fnNames":{}}}
,"C:\\Users\\USUARIO\\OneDrive\\Desktop\\proyectos\\sistema-gestion-calidad-dm -v1\\src\\runtime\\rendering\\registry\\ComponentRegistry.ts": {"path":"C:\\Users\\USUARIO\\OneDrive\\Desktop\\proyectos\\sistema-gestion-calidad-dm -v1\\src\\runtime\\rendering\\registry\\ComponentRegistry.ts","statementMap":{"0":{"start":{"line":44,"column":17},"end":{"line":44,"column":60}},"1":{"start":{"line":46,"column":6},"end":{"line":47,"column":null}},"2":{"start":{"line":47,"column":2},"end":{"line":47,"column":null}},"3":{"start":{"line":50,"column":6},"end":{"line":51,"column":null}},"4":{"start":{"line":51,"column":2},"end":{"line":51,"column":null}},"5":{"start":{"line":54,"column":6},"end":{"line":55,"column":null}},"6":{"start":{"line":55,"column":2},"end":{"line":55,"column":null}},"7":{"start":{"line":58,"column":6},"end":{"line":59,"column":null}},"8":{"start":{"line":59,"column":2},"end":{"line":59,"column":null}},"9":{"start":{"line":67,"column":0},"end":{"line":67,"column":null}},"10":{"start":{"line":68,"column":0},"end":{"line":68,"column":null}},"11":{"start":{"line":69,"column":0},"end":{"line":69,"column":null}},"12":{"start":{"line":70,"column":0},"end":{"line":70,"column":null}},"13":{"start":{"line":71,"column":0},"end":{"line":71,"column":null}},"14":{"start":{"line":72,"column":0},"end":{"line":72,"column":null}},"15":{"start":{"line":73,"column":0},"end":{"line":73,"column":null}},"16":{"start":{"line":74,"column":0},"end":{"line":74,"column":null}},"17":{"start":{"line":75,"column":0},"end":{"line":75,"column":null}},"18":{"start":{"line":76,"column":0},"end":{"line":76,"column":null}},"19":{"start":{"line":77,"column":0},"end":{"line":77,"column":null}},"20":{"start":{"line":78,"column":0},"end":{"line":78,"column":null}},"21":{"start":{"line":79,"column":0},"end":{"line":79,"column":null}},"22":{"start":{"line":91,"column":69},"end":{"line":96,"column":null}}},"fnMap":{"0":{"name":"(anonymous_0)","decl":{"start":{"line":46,"column":6},"end":{"line":46,"column":18}},"loc":{"start":{"line":46,"column":77},"end":{"line":47,"column":null}},"line":46},"1":{"name":"(anonymous_1)","decl":{"start":{"line":50,"column":6},"end":{"line":50,"column":13}},"loc":{"start":{"line":50,"column":73},"end":{"line":51,"column":null}},"line":50},"2":{"name":"(anonymous_2)","decl":{"start":{"line":54,"column":6},"end":{"line":54,"column":13}},"loc":{"start":{"line":54,"column":54},"end":{"line":55,"column":null}},"line":54},"3":{"name":"(anonymous_3)","decl":{"start":{"line":58,"column":6},"end":{"line":58,"column":53}},"loc":{"start":{"line":58,"column":53},"end":{"line":59,"column":null}},"line":58}},"branchMap":{},"s":{"0":4,"1":4,"2":65,"3":4,"4":190,"5":4,"6":28,"7":4,"8":8,"9":4,"10":4,"11":4,"12":4,"13":4,"14":4,"15":4,"16":4,"17":4,"18":4,"19":4,"20":4,"21":4,"22":4},"f":{"0":65,"1":190,"2":28,"3":8},"b":{},"meta":{"lastBranch":0,"lastFunction":4,"lastStatement":23,"seen":{"s:44:17:44:60":0,"s:46:6:47:Infinity":1,"f:46:6:46:18":0,"s:47:2:47:Infinity":2,"s:50:6:51:Infinity":3,"f:50:6:50:13":1,"s:51:2:51:Infinity":4,"s:54:6:55:Infinity":5,"f:54:6:54:13":2,"s:55:2:55:Infinity":6,"s:58:6:59:Infinity":7,"f:58:6:58:53":3,"s:59:2:59:Infinity":8,"s:67:0:67:Infinity":9,"s:68:0:68:Infinity":10,"s:69:0:69:Infinity":11,"s:70:0:70:Infinity":12,"s:71:0:71:Infinity":13,"s:72:0:72:Infinity":14,"s:73:0:73:Infinity":15,"s:74:0:74:Infinity":16,"s:75:0:75:Infinity":17,"s:76:0:76:Infinity":18,"s:77:0:77:Infinity":19,"s:78:0:78:Infinity":20,"s:79:0:79:Infinity":21,"s:91:69:96:Infinity":22},"fnNames":{}}}
,"C:\\Users\\USUARIO\\OneDrive\\Desktop\\proyectos\\sistema-gestion-calidad-dm -v1\\src\\runtime\\schema\\factories\\RuntimeFormFactory.ts": {"path":"C:\\Users\\USUARIO\\OneDrive\\Desktop\\proyectos\\sistema-gestion-calidad-dm -v1\\src\\runtime\\schema\\factories\\RuntimeFormFactory.ts","statementMap":{"0":{"start":{"line":21,"column":2},"end":{"line":29,"column":null}},"1":{"start":{"line":23,"column":6},"end":{"line":23,"column":null}},"2":{"start":{"line":25,"column":6},"end":{"line":25,"column":null}},"3":{"start":{"line":27,"column":6},"end":{"line":27,"column":null}},"4":{"start":{"line":29,"column":6},"end":{"line":29,"column":null}},"5":{"start":{"line":42,"column":56},"end":{"line":42,"column":58}},"6":{"start":{"line":44,"column":4},"end":{"line":45,"column":null}},"7":{"start":{"line":45,"column":6},"end":{"line":45,"column":null}},"8":{"start":{"line":48,"column":49},"end":{"line":48,"column":51}},"9":{"start":{"line":50,"column":39},"end":{"line":70,"column":null}},"10":{"start":{"line":72,"column":4},"end":{"line":77,"column":null}},"11":{"start":{"line":95,"column":23},"end":{"line":105,"column":6}},"12":{"start":{"line":107,"column":4},"end":{"line":107,"column":null}}},"fnMap":{"0":{"name":"defaultInitialValueForField","decl":{"start":{"line":20,"column":9},"end":{"line":20,"column":37}},"loc":{"start":{"line":20,"column":73},"end":{"line":29,"column":null}},"line":20},"1":{"name":"createRuntimeFormModel","decl":{"start":{"line":41,"column":9},"end":{"line":41,"column":32}},"loc":{"start":{"line":41,"column":83},"end":{"line":77,"column":null}},"line":41},"2":{"name":"fromSchemaInput","decl":{"start":{"line":84,"column":9},"end":{"line":84,"column":25}},"loc":{"start":{"line":94,"column":23},"end":{"line":107,"column":null}},"line":94}},"branchMap":{"0":{"loc":{"start":{"line":21,"column":2},"end":{"line":29,"column":null}},"type":"switch","locations":[{"start":{"line":22,"column":4},"end":{"line":23,"column":null}},{"start":{"line":24,"column":4},"end":{"line":25,"column":null}},{"start":{"line":26,"column":4},"end":{"line":27,"column":null}},{"start":{"line":28,"column":4},"end":{"line":29,"column":null}}],"line":21},"1":{"loc":{"start":{"line":51,"column":18},"end":{"line":51,"column":63}},"type":"binary-expr","locations":[{"start":{"line":51,"column":18},"end":{"line":51,"column":45}},{"start":{"line":51,"column":45},"end":{"line":51,"column":63}}],"line":51},"2":{"loc":{"start":{"line":52,"column":19},"end":{"line":52,"column":48}},"type":"binary-expr","locations":[{"start":{"line":52,"column":19},"end":{"line":52,"column":38}},{"start":{"line":52,"column":38},"end":{"line":52,"column":48}}],"line":52},"3":{"loc":{"start":{"line":53,"column":19},"end":{"line":53,"column":53}},"type":"binary-expr","locations":[{"start":{"line":53,"column":19},"end":{"line":53,"column":38}},{"start":{"line":53,"column":38},"end":{"line":53,"column":53}}],"line":53},"4":{"loc":{"start":{"line":54,"column":19},"end":{"line":54,"column":null}},"type":"binary-expr","locations":[{"start":{"line":54,"column":19},"end":{"line":54,"column":45}},{"start":{"line":54,"column":45},"end":{"line":54,"column":null}}],"line":54},"5":{"loc":{"start":{"line":55,"column":22},"end":{"line":60,"column":null}},"type":"binary-expr","locations":[{"start":{"line":55,"column":22},"end":{"line":55,"column":51}},{"start":{"line":55,"column":51},"end":{"line":60,"column":null}}],"line":55},"6":{"loc":{"start":{"line":61,"column":16},"end":{"line":64,"column":null}},"type":"binary-expr","locations":[{"start":{"line":61,"column":16},"end":{"line":61,"column":39}},{"start":{"line":61,"column":39},"end":{"line":64,"column":null}}],"line":61},"7":{"loc":{"start":{"line":65,"column":21},"end":{"line":68,"column":null}},"type":"binary-expr","locations":[{"start":{"line":65,"column":21},"end":{"line":65,"column":49}},{"start":{"line":65,"column":49},"end":{"line":68,"column":null}}],"line":65},"8":{"loc":{"start":{"line":103,"column":14},"end":{"line":103,"column":33}},"type":"binary-expr","locations":[{"start":{"line":103,"column":14},"end":{"line":103,"column":31}},{"start":{"line":103,"column":31},"end":{"line":103,"column":33}}],"line":103}},"s":{"0":123,"1":3,"2":49,"3":2,"4":69,"5":76,"6":76,"7":123,"8":76,"9":76,"10":76,"11":5,"12":5},"f":{"0":123,"1":2,"2":2},"b":{"0":[3,49,2,69],"1":[76,1],"2":[76,1],"3":[76,1],"4":[76,1],"5":[76,1],"6":[76,1],"7":[76,1],"8":[5,0]},"meta":{"lastBranch":9,"lastFunction":3,"lastStatement":13,"seen":{"f:20:9:20:37":0,"b:22:4:23:Infinity:24:4:25:Infinity:26:4:27:Infinity:28:4:29:Infinity":0,"s:21:2:29:Infinity":0,"s:23:6:23:Infinity":1,"s:25:6:25:Infinity":2,"s:27:6:27:Infinity":3,"s:29:6:29:Infinity":4,"f:41:9:41:32":1,"s:42:56:42:58":5,"s:44:4:45:Infinity":6,"s:45:6:45:Infinity":7,"s:48:49:48:51":8,"s:50:39:70:Infinity":9,"b:51:18:51:45:51:45:51:63":1,"b:52:19:52:38:52:38:52:48":2,"b:53:19:53:38:53:38:53:53":3,"b:54:19:54:45:54:45:54:Infinity":4,"b:55:22:55:51:55:51:60:Infinity":5,"b:61:16:61:39:61:39:64:Infinity":6,"b:65:21:65:49:65:49:68:Infinity":7,"s:72:4:77:Infinity":10,"f:84:9:84:25":2,"s:95:23:105:6":11,"b:103:14:103:31:103:31:103:33":8,"s:107:4:107:Infinity":12},"fnNames":{}}}
,"C:\\Users\\USUARIO\\OneDrive\\Desktop\\proyectos\\sistema-gestion-calidad-dm -v1\\src\\runtime\\schema\\normalization\\SchemaNormalizer.ts": {"path":"C:\\Users\\USUARIO\\OneDrive\\Desktop\\proyectos\\sistema-gestion-calidad-dm -v1\\src\\runtime\\schema\\normalization\\SchemaNormalizer.ts","statementMap":{"0":{"start":{"line":22,"column":2},"end":{"line":30,"column":null}},"1":{"start":{"line":24,"column":6},"end":{"line":24,"column":null}},"2":{"start":{"line":26,"column":6},"end":{"line":26,"column":null}},"3":{"start":{"line":28,"column":6},"end":{"line":28,"column":null}},"4":{"start":{"line":30,"column":6},"end":{"line":30,"column":null}},"5":{"start":{"line":50,"column":10},"end":{"line":72,"column":null}},"6":{"start":{"line":51,"column":25},"end":{"line":51,"column":null}},"7":{"start":{"line":54,"column":21},"end":{"line":54,"column":53}},"8":{"start":{"line":55,"column":23},"end":{"line":55,"column":59}},"9":{"start":{"line":57,"column":25},"end":{"line":57,"column":null}},"10":{"start":{"line":59,"column":40},"end":{"line":69,"column":null}},"11":{"start":{"line":71,"column":6},"end":{"line":71,"column":null}},"12":{"start":{"line":74,"column":39},"end":{"line":94,"column":null}},"13":{"start":{"line":96,"column":4},"end":{"line":106,"column":null}}},"fnMap":{"0":{"name":"getDefaultRuntimeValueForFieldType","decl":{"start":{"line":21,"column":9},"end":{"line":21,"column":44}},"loc":{"start":{"line":21,"column":87},"end":{"line":30,"column":null}},"line":21},"1":{"name":"normalizeForm","decl":{"start":{"line":39,"column":9},"end":{"line":39,"column":23}},"loc":{"start":{"line":49,"column":26},"end":{"line":106,"column":null}},"line":49},"2":{"name":"(anonymous_2)","decl":{"start":{"line":50,"column":57},"end":{"line":50,"column":62}},"loc":{"start":{"line":50,"column":73},"end":{"line":72,"column":null}},"line":50}},"branchMap":{"0":{"loc":{"start":{"line":22,"column":2},"end":{"line":30,"column":null}},"type":"switch","locations":[{"start":{"line":23,"column":4},"end":{"line":24,"column":null}},{"start":{"line":25,"column":4},"end":{"line":26,"column":null}},{"start":{"line":27,"column":4},"end":{"line":28,"column":null}},{"start":{"line":29,"column":4},"end":{"line":30,"column":null}}],"line":22},"1":{"loc":{"start":{"line":50,"column":37},"end":{"line":50,"column":55}},"type":"binary-expr","locations":[{"start":{"line":50,"column":37},"end":{"line":50,"column":53}},{"start":{"line":50,"column":53},"end":{"line":50,"column":55}}],"line":50},"2":{"loc":{"start":{"line":51,"column":25},"end":{"line":51,"column":null}},"type":"binary-expr","locations":[{"start":{"line":51,"column":25},"end":{"line":51,"column":62}},{"start":{"line":51,"column
[...]
,"C:\\Users\\USUARIO\\OneDrive\\Desktop\\proyectos\\sistema-gestion-calidad-dm -v1\\src\\runtime\\validation\\orchestrators\\FieldValidationOrchestrator.ts": {"path":"C:\\Users\\USUARIO\\OneDrive\\Desktop\\proyectos\\sistema-gestion-calidad-dm -v1\\src\\runtime\\validation\\orchestrators\\FieldValidationOrchestrator.ts","statementMap":{"0":{"start":{"line":7,"column":18},"end":{"line":7,"column":null}},"1":{"start":{"line":8,"column":32},"end":{"line":8,"column":null}},"2":{"start":{"line":9,"column":4},"end":{"line":13,"column":null}},"3":{"start":{"line":17,"column":4},"end":{"line":17,"column":null}}},"fnMap":{"0":{"name":"validateField","decl":{"start":{"line":6,"column":2},"end":{"line":6,"column":16}},"loc":{"start":{"line":6,"column":58},"end":{"line":13,"column":null}},"line":6},"1":{"name":"create","decl":{"start":{"line":16,"column":9},"end":{"line":16,"column":18}},"loc":{"start":{"line":16,"column":18},"end":{"line":17,"column":null}},"line":16}},"branchMap":{},"s":{"0":20,"1":20,"2":20,"3":38},"f":{"0":20,"1":1},"b":{},"meta":{"lastBranch":0,"lastFunction":2,"lastStatement":4,"seen":{"f:6:2:6:16":0,"s:7:18:7:Infinity":0,"s:8:32:8:Infinity":1,"s:9:4:13:Infinity":2,"f:16:9:16:18":1,"s:17:4:17:Infinity":3},"fnNames":{}}}
,"C:\\Users\\USUARIO\\OneDrive\\Desktop\\proyectos\\sistema-gestion-calidad-dm -v1\\src\\runtime\\validation\\rules\\fieldRules.ts": {"path":"C:\\Users\\USUARIO\\OneDrive\\Desktop\\proyectos\\sistema-gestion-calidad-dm -v1\\src\\runtime\\validation\\rules\\fieldRules.ts","statementMap":{"0":{"start":{"line":9,"column":2},"end":{"line":9,"column":null}},"1":{"start":{"line":13,"column":2},"end":{"line":13,"column":null}},"2":{"start":{"line":13,"column":45},"end":{"line":13,"column":null}},"3":{"start":{"line":14,"column":2},"end":{"line":14,"column":null}},"4":{"start":{"line":14,"column":33},"end":{"line":14,"column":null}},"5":{"start":{"line":15,"column":2},"end":{"line":15,"column":null}},"6":{"start":{"line":19,"column":2},"end":{"line":19,"column":null}},"7":{"start":{"line":19,"column":33},"end":{"line":19,"column":null}},"8":{"start":{"line":20,"column":2},"end":{"line":23,"column":null}},"9":{"start":{"line":21,"column":4},"end":{"line":21,"column":null}},"10":{"start":{"line":21,"column":29},"end":{"line":21,"column":null}},"11":{"start":{"line":22,"column":14},"end":{"line":22,"column":27}},"12":{"start":{"line":23,"column":4},"end":{"line":23,"column":null}},"13":{"start":{"line":25,"column":2},"end":{"line":25,"column":null}},"14":{"start":{"line":29,"column":2},"end":{"line":44,"column":null}},"15":{"start":{"line":31,"column":6},"end":{"line":31,"column":null}},"16":{"start":{"line":33,"column":6},"end":{"line":33,"column":null}},"17":{"start":{"line":39,"column":6},"end":{"line":39,"column":null}},"18":{"start":{"line":41,"column":6},"end":{"line":41,"column":null}},"19":{"start":{"line":44,"column":6},"end":{"line":44,"column":null}},"20":{"start":{"line":56,"column":27},"end":{"line":56,"column":null}},"21":{"start":{"line":57,"column":40},"end":{"line":57,"column":42}},"22":{"start":{"line":59,"column":16},"end":{"line":59,"column":30}},"23":{"start":{"line":62,"column":2},"end":{"line":65,"column":null}},"24":{"start":{"line":63,"column":4},"end":{"line":63,"column":null}},"25":{"start":{"line":65,"column":4},"end":{"line":65,"column":null}},"26":{"start":{"line":69,"column":2},"end":{"line":69,"column":null}},"27":{"start":{"line":69,"column":27},"end":{"line":69,"column":null}},"28":{"start":{"line":72,"column":2},"end":{"line":73,"column":null}},"29":{"start":{"line":73,"column":4},"end":{"line":73,"column":null}},"30":{"start":{"line":78,"column":14},"end":{"line":78,"column":null}},"31":{"start":{"line":79,"column":14},"end":{"line":79,"column":null}},"32":{"start":{"line":80,"column":2},"end":{"line":88,"column":null}},"33":{"start":{"line":81,"column":14},"end":{"line":81,"column":33}},"34":{"start":{"line":82,"column":4},"end":{"line":82,"column":null}},"35":{"start":{"line":82,"column":19},"end":{"line":82,"column":null}},"36":{"start":{"line":84,"column":4},"end":{"line":85,"column":null}},"37":{"start":{"line":85,"column":6},"end":{"line":85,"column":null}},"38":{"start":{"line":87,"column":4},"end":{"line":88,"column":null}},"39":{"start":{"line":88,"column":6},"end":{"line":88,"column":null}},"40":{"start":{"line":93,"column":20},"end":{"line":93,"column":null}},"41":{"start":{"line":94,"column":20},"end":{"line":94,"column":null}},"42":{"start":{"line":95,"column":2},"end":{"line":101,"column":null}},"43":{"start":{"line":96,"column":4},"end":{"line":101,"column":null}},"44":{"start":{"line":97,"column":6},"end":{"line":98,"column":null}},"45":{"start":{"line":98,"column":8},"end":{"line":98,"column":null}},"46":{"start":{"line":100,"column":6},"end":{"line":101,"column":null}},"47":{"start":{"line":101,"column":8},"end":{"line":101,"column":null}},"48":{"start":{"line":108,"column":19},"end":{"line":108,"column":null}},"49":{"start":{"line":109,"column":2},"end":{"line":115,"column":null}},"50":{"start":{"line":110,"column":4},"end":{"line":115,"column":null}},"51":{"start":{"line":111,"column":17},"end":{"line":111,"column":36}},"52":{"start":{"line":112,"column":6},"end":{"line":113,"column":null}},"53":{"start":{"line":113,"column":8},"end":{"line":113,"column":null}},"54":{"start":{"line":121,"column":18},"end":{"line":121,"column":null}},"55":{"start":{"line":122,"column":2},"end":{"line":124,"column":null}},"56":{"start":{"line":123,"column":4},"end":{"line":124,"column":null}},"57":{"start":{"line":124,"column":6},"end":{"line":124,"column":null}},"58":{"start":{"line":128,"column":2},"end":{"line":128,"column":null}}},"fnMap":{"0":{"name":"labelOf","decl":{"start":{"line":8,"column":9},"end":{"line":8,"column":17}},"loc":{"start":{"line":8,"column":59},"end":{"line":9,"column":null}},"line":8},"1":{"name":"isEmptyValue","decl":{"start":{"line":12,"column":9},"end":{"line":12,"column":22}},"loc":{"start":{"line":12,"column":52},"end":{"line":15,"column":null}},"line":12},"2":{"name":"coerceNumber","decl":{"start":{"line":18,"column":9},"end":{"line":18,"column":22}},"loc":{"start":{"line":18,"column":58},"end":{"line":25,"column":null}},"line":18},"3":{"name":"isValidType","decl":{"start":{"line":28,"column":9},"end":{"line":28,"column":21}},"loc":{"start":{"line":28,"column":80},"end":{"line":44,"column":null}},"line":28},"4":{"name":"validateFieldSchemaRules","decl":{"start":{"line":52,"column":16},"end":{"line":52,"column":41}},"loc":{"start":{"line":55,"column":24},"end":{"line":128,"column":null}},"line":55}},"branchMap":{"0":{"loc":{"start":{"line":9,"column":9},"end":{"line":9,"column":null}},"type":"binary-expr","locations":[{"start":{"line":9,"column":9},"end":{"line":9,"column":24}},{"start":{"line":9,"column":24},"end":{"line":9,"column":null}}],"line":9},"1":{"loc":{"start":{"line":13,"column":2},"end":{"line":13,"column":null}},"type":"if","locations":[{"start":{"line":13,"column":2},"end":{"line":13,"column":null}},{"start":{},"end":{}}],"line":13},"2":{"loc":{"start":{"line":13,"column":6},"end":{"line":13,"column":45}},"type":"binary-expr","locations":[{"start":{"line":13,"column":6},"end":{"line":13,"column":24}},{"start":{"line":13,"column":24},"end":{"line":13,"column":45}}],"line":13},"3":{"loc":{"start":{"line":14,"column":2},"end":{"line":14,"column":null}},"type":"if","locations":[{"start":{"line":14,"column":2},"end":{"line":14,"column":null}},{"start":{},"end":{}}],"line":14},"4":{"loc":{"start":{"line":19,"column":2},"end":{"line":19,"column":null}},"type":"if","locations":[{"start":{"line":19,"column":2},"end":{"line":19,"column":null}},{"start":{},"end":{}}],"line":19},"5":{"loc":{"start":{"line":19,"column":40},"end":{"line":19,"column":null}},"type":"cond-expr","locations":[{"start":{"line":19,"column":65},"end":{"line":19,"column":73}},{"start":{"line":19,"column":73},"end":{"line":19,"column":null}}],"line":19},"6":{"loc":{"start":{"line":20,"column":2},"end":{"line":23,"column":null}},"type":"if","locations":[{"start":{"line":20,"column":2},"end":{"line":23,"column":null}},{"start":{},"end":{}}],"line":20},"7":{"loc":{"start":{"line":21,"column":4},"end":{"line":21,"column":null}},"type":"if","locations":[{"start":{"line":21,"column":4},"end":{"line":21,"column":null}},{"start":{},"end":{}}],"line":21},"8":{"loc":{"start":{"line":23,"column":11},"end":{"line":23,"column":null}},"type":"cond-expr","locations":[{"start":{"line":23,"column":32},"end":{"line":23,"column":36}},{"start":{"line":23,"column":36},"end":{"line":23,"column":null}}],"line":23},"9":{"loc":{"start":{"line":29,"column":2},"end":{"line":44,"column":null}},"type":"switch","locations":[{"start":{"line":30,"column":4},"end":{"line":31,"column":null}},{"start":{"line":32,"column":4},"end":{"line":33,"column":null}},{"start":{"line":34,"column":4},"end":{"line":34,"column":null}},{"start":{"line":35,"column":4},"end":{"line":35,"column":null}},{"start":{"line":36,"column":4},"end":{"line":36,"column":null}},{"start":{"line":37,"column":4},"end":{"line":37,"column":null}},{"start":{"line":38,"column":4},"end":{"line":39,"column":null}},{"start":{"line":40,"column":4},"end":{"line":41,"column":null}},{"start":{"line":42,"column":4},"end":{"line":44,"column":null}}],"line":29},"10":{"loc":{"start":{"line":33,"column":13},"end":{"line":33,"column":null}},"type":"binary-expr","locations":[{"start":{"line":33,"column":13},"end":{"line":33,"column":43}},{"start":{"line":33,"column":43},"end":{"line":33,"column":72}},{"start":{"line":33,"column":72},"end":{"line":33,"column":null}}],"line":33},"11":{"loc":{"start":{"line":62,"column":2},"end":{"line":65,"column":null}},"type":"if","locations":[{"start":{"line":62,"column":2},"end":{"line":65,"column":null}},{"start":{},"end":{}}],"line":62},"12":{"loc":{"start":{"line":62,"column":6},"end":{"line":62,"column":43}},"type":"binary-expr","locations":[{"start":{"line":62,"column":6},"end":{"line":62,"column":24}},{"start":{"line":62,"column":24},"end":{"line":62,"column":43}}],"line":62},"13":{"loc":{"start":{"line":69,"column":2},"end":{"line":69,"column":null}},"type":"if","locations":[{"start":{"line":69,"column":2},"end":{"line":69,"column":null}},{"start":{},"end":{}}],"line":69},"14":{"loc":{"start":{"line":72,"column":2},"end":{"line":73,"column":null}},"type":"if","locations":[{"start":{"line":72,"column":2},"end":{"line":73,"column":null}},{"start":{},"end":{}}],"line":72},"15":{"loc":{"start":{"line":80,"column":2},"end":{"line":88,"column":null}},"type":"if","locations":[{"start":{"line":80,"column":2},"end":{"line":88,"column":null}},{"start":{},"end":{}}],"line":80},"16":{"loc":{"start":{"line":80,"column":6},"end":{"line":80,"column":92}},"type":"binary-expr","locations":[{"start":{"line":80,"column":6},"end":{"line":80,"column":39}},{"start":{"line":80,"column":39},"end":{"line":80,"column":66}},{"start":{"line":80,"column":66},"end":{"line":80,"column":92}}],"line":80},"17":{"loc":{"start":{"line":82,"column":4},"end":{"line":82,"column":null}},"type":"if","locations":[{"start":{"line":82,"column":4},"end":{"line":82,"column":null}},{"start":{},"end":{}}],"line":82},"18":{"loc":{"start":{"line":84,"column":4},"end":{"line":85,"column":null}},"type":"if","locations":[{"start":{"line":84,"column":4},"end":{"line":85,"column":null}},{"start":{},"end":{}}],"line":84},"19":{"loc":{"start":{"line":84,"column":8},"end":{"line":84,"column":44}},"type":"binary-expr","locations":[{"start":{"line":84,"column":8},"end":{"line":84,"column":35}},{"start":{"line":84,"column":35},"end":{"line":84,"column":44}}],"line":84},"20":{"loc":{"start":{"line":87,"column":4},"end":{"line":88,"column":null}},"type":"if","locations":[{"start":{"line":87,"column":4},"end":{"line":88,"column":null}},{"start":{},"end":{}}],"line":87},"21":{"loc":{"start":{"line":87,"column":8},"end":{"line":87,"column":44}},"type":"binary-expr","locations":[{"start":{"line":87,"column":8},"end":{"line":87,"column":35}},{"start":{"line":87,"column":35},"end":{"line":87,"column":44}}],"line":87},"22":{"loc":{"start":{"line":95,"column":2},"end":{"line":101,"column":null}},"type":"if","locations":[{"start":{"line":95,"column":2},"end":{"line":101,"column":null}},{"start":{},"end":{}}],"line":95},"23":{"loc":{"start":{"line":95,"column":2},"end":{"line":95,"column":138}},"type":"binary-expr","locations":[{"start":{"line":95,"column":7},"end":{"line":95,"column":37}},{"start":{"line":95,"column":37},"end":{"line":95,"column":73}},{"start":{"line":95,"column":73},"end":{"line":95,"column":106}},{"start":{"line":95,"column":106},"end":{"line":95,"column":138}}],"line":95},"24":{"loc":{"start":{"line":96,"column":4},"end":{"line":101,"column":null}},"type":"if","locations":[{"start":{"line":96,"column":4},"end":{"line":101,"column":null}},{"start":{},"end":{}}],"line":96},"25":{"loc":{"start":{"line":97,"column":6},"end":{"line":98,"column":null}},"type":"if","locations":[{"start":{"line":97,"column":6},"end":{"line":98,"column":null}},{"start":{},"end":{}}],"line":97},"26":{"loc":{"start":{"line":97,"column":10},"end":{"line":97,"column":69}},"type":"binary-expr","locations":[{"start":{"line":97,"column":10},"end":{"line":97,"column":43}},{"start":{"line":97,"column":43},"end":{"line":97,"column":69}}],"line":97},"27":{"loc":{"start":{"line":100,"column":6},"end":{"line":101,"column":null}},"type":"if","locations":[{"start":{"line":100,"column":6},"end":{"line":101,"column":null}},{"start":{},"end":{}}],"line":100},"28":{"loc":{"start":{"line":100,"column":10},"end":{"line":100,"column":69}},"type":"binary-expr","locations":[{"start":{"line":100,"column":10},"end":{"line":100,"column":43}},{"start":{"line":100,"column":43},"end":{"line":100,"column":69}}],"line":100},"29":{"loc":{"start":{"line":109,"column":2},"end":{"line":115,"column":null}},"type":"if","locations":[{"start":{"line":109,"column":2},"end":{"line":115,"column":null}},{"start":{},"end":{}}],"line":109},"30":{"loc":{"start":{"line":109,"column":6},"end":{"line":109,"column":44}},"type":"binary-expr","locations":[{"start":{"line":109,"column":6},"end":{"line":109,"column":17}},{"start":{"line":109,"column":17},"end":{"line":109,"column":44}}],"line":109},"31":{"loc":{"start":{"line":112,"column":6},"end":{"line":113,"column":null}},"type":"if","locations":[{"start":{"line":112,"column":6},"end":{"line":113,"column":null}},{"start":{},"end":{}}],"line":112},"32":{"loc":{"start":{"line":122,"column":2},"end":{"line":124,"column":null}},"type":"if","locations":[{"start":{"line":122,"column":2},"end":{"line":124,"column":null}},{"start":{},"end":{}}],"line":122},"33":{"loc":{"start":{"line":122,"column":2},"end":{"line":122,"column":145}},"type":"binary-expr","locations":[{"start":{"line":122,"column":7},"end":{"line":122,"column":39}},{"start":{"line":122,"column":39},"end":{"line":122,"column":70}},{"start":{"line":122,"column":70},"end":{"line":122,"column":92}},{"start":{"line":122,"column":96},"end":{"line":122,"column":118}},{"start":{"line":122,"column":118},"end":{"line":122,"column":145}}],"line":122},"34":{"loc":{"start":{"line":123,"column":4},"end":{"line":124,"column":null}},"type":"if","locations":[{"start":{"line":123,"column":4},"end":{"line":124,"column":null}},{"start":{},"end":{}}],"line":123}},"s":{"0":20,"1":22,"2":0,"3":22,"4":21,"5":1,"6":3,"7":0,"8":3,"9":3,"10":0,"11":3,"12":3,"13":0,"14":19,"15":1,"16":4,"17":14,"18":0,"19":0,"20":20,"21":20,"22":20,"23":20,"24":1,"25":1,"26":19,"27":0,"28":19,"29":0,"30":19,"31":20,"32":20,"33":3,"34":3,"35":0,"36":3,"37":1,"38":3,"39":1,"40":19,"41":20,"42":20,"43":3,"44":3,"45":1,"46":3,"47":1,"48":19,"49":20,"50":0,"51":0,"52":0,"53":0,"54":19,"55":20,"56":2,"57":1,"58":19},"f":{"0":20,"1":22,"2":3,"3":19,"4":20},"b":{"0":[20,0],"1":[0,22],"2":[22,22],"3":[21,1],"4":[0,3],"5":[0,0],"6":[3,0],"7":[0,3],"8":[3,0],"9":[1,4,2,14,14,14,14,0,0],"10":[4,4,4],"11":[1,19],"12":[20,3],"13":[0,19],"14":[0,19],"15":[3,17],"16":[20,4,1],"17":[0,3],"18":[1,2],"19":[3,3],"20":[1,2],"21":[3,3],"22":[3,17],"23":[20,7,12,9],"24":[3,0],"25":[1,2],"26":[3,3],"27":[1,2],"28":[3,3],"29":[0,20],"30":[20,0],"31":[0,0],"32":[2,18],"33":[20,17,14,2,2],"34":[1,1]},"meta":{"lastBranch":35,"lastFunction":5,"lastStatement":59,"seen":{"f:8:9:8:17":0,"s:9:2:9:Infinity":0,"b:9:9:9:24:9:24:9:Infinity":0,"f:12:9:12:22":1,"b:13:2:13:Infinity:undefined:undefined:undefined:undefined":1,"s:13:2:13:Infinity":1,"b:13:6:13:24:13:24:13:45":2,"s:13:45:13:Infinity":2,"b:14:2:14:Infinity:undefined:undefined:undefined:undefined":3,"s:14:2:14:Infinity":3,"s:14:33:14:Infinity":4,"s:15:2:15:Infinity":5,"f:18:9:18:22":2,"b:19:2:19:Infinity:undefined:undefined:undefined:undefined":4,"s:19:2:19:Infinity":6,"s:19:33:19:Infinity":7,"b:19:65:19:73:19:73:19:Infinity":5,"b:20:2:23:Infinity:undefined:undefined:undefined:undefined":6,"s:20:2:23:Infinity":8,"b:21:4:21:Infinity:undefined:undefined:undefined:undefined":7,"s:21:4:21:Infinity":9,"s:21:29:21:Infinity":10,"s:22:14:22:27":11,"s:23:4:23:Infinity":12,"b:23:32:23:36:23:36:23:Infinity":8,"s:25:2:25:Infinity":13,"f:28:9:28:21":3,"b:30:4:31:Infinity:32:4:33:Infinity:34:4:34:Infinity:35:4:35:Infinity:36:4:36:Infinity:37:4:37:Infinity:38:4:39:Infinity:40:4:41:Infinity:42:4:44:Infinity":9,"s:29:2:44:Infinity":14,"s:31:6:31:Infinity":15,"s:33:6:33:Infinity":16,"b:33:13:33:43:33:43:33:72:33:72:33:Infinity":10,"s:39:6:39:Infinity":17,"s:41:6:41:Infinity":18,"s:44:6:44:Infinity":19,"f:52:16:52:41":4,"s:56:27:56:Infinity":20,"s:57:40:57:42":21,"s:59:16:59:30":22,"b:62:2:65:Infinity:undefined:undefined:undefined:undefined":11,"s:62:2:65:Infinity":23,"b:62:6:62:24:62:24:62:43":12,"s:63:4:63:Infinity":24,"s:65:4:65:Infinity":25,"b:69:2:69:Infinity:undefined:undefined:undefined:undefined":13,"s:69:2:69:Infinity":26,"s:69:27:69:Infinity":27,"b:72:2:73:Infinity:undefined:undefined:undefined:undefined":14,"s:72:2:73:Infinity":28,"s:73:4:73:Infinity":29,"s:78:14:78:Infinity":30,"s:79:14:79:Infinity":31,"b:80:2:88:Infinity:undefined:undefined:undefined:undefined":15,"s:80:2:88:Infinity":32,"b:80:6:80:39:80:39:80:66:80:66:80:92":16,"s:81:14:81:33":33,"b:82:4:82:Infinity:undefined:undefined:undefined:undefined":17,"s:82:4:82:Infinity":34,"s:82:19:82:Infinity":35,"b:84:4:85:Infinity:undefined:undefined:undefined:undefined":18,"s:84:4:85:Infinity":36,"b:84:8:84:35:84:35:84:44":19,"s:85:6:85:Infinity":37,"b:87:4:88:Infinity:undefined:undefined:undefined:undefined":20,"s:87:4:88:Infinity":38,"b:87:8:87:35:87:35:87:44":21,"s:88:6:88:Infinity":39,"s:93:20:93:Infinity":40,"s:94:20:94:Infinity":41,"b:95:2:101:Infinity:undefined:undefined:undefined:undefined":22,"s:95:2:101:Infinity":42,"b:95:7:95:37:95:37:95:73:95:73:95:106:95:106:95:138":23,"b:96:4:101:Infinity:undefined:undefined:undefined:undefined":24,"s:96:4:101:Infinity":43,"b:97:6:98:Infinity:undefined:undefined:undefined:undefined":25,"s:97:6:98:Infinity":44,"b:97:10:97:43:97:43:97:69":26,"s:98:8:98:Infinity":45,"b:100:6:101:Infinity:undefined:undefined:undefined:undefined":27,"s:100:6:101:Infinity":46,"b:100:10:100:43:100:43:100:69":28,"s:101:8:101:Infinity":47,"s:108:19:108:Infinity":48,"b:109:2:115:Infinity:undefined:undefined:undefined:undefined":29,"s:109:2:115:Infinity":49,"b:109:6:109:17:109:17:109:44":30,"s:110:4:115:Infinity":50,"s:111:17:111:36":51,"b:112:6:113:Infinity:undefined:undefined:undefined:undefined":31,"s:112:6:113:Infinity":52,"s:113:8:113:Infinity":53,"s:121:18:121:Infinity":54,"b:122:2:124:Infinity:undefined:undefined:undefined:undefined":32,"s:122:2:124:Infinity":55,"b:122:7:122:39:122:39:122:70:122:70:122:92:122:96:122:118:122:118:122:145":33,"b:123:4:124:Infinity:undefined:undefined:undefined:undefined":34,"s:123:4:124:Infinity":56,"s:124:6:124:Infinity":57,"s:128:2:128:Infinity":58},"fnNames":{}}}
}
